[2024-11-26T19:39:18.906+0000] {manager.py:487} INFO - Processing files using up to 2 processes at a time 
[2024-11-26T19:39:18.907+0000] {manager.py:488} INFO - Process each file at most once every 30 seconds
[2024-11-26T19:39:18.908+0000] {manager.py:489} INFO - Checking for new files in /opt/airflow/dags every 300 seconds
[2024-11-26T19:39:18.908+0000] {manager.py:759} INFO - Searching for files in /opt/airflow/dags
[2024-11-26T19:39:18.918+0000] {manager.py:762} INFO - There are 1 files in /opt/airflow/dags
[2024-11-26T19:39:18.976+0000] {manager.py:893} INFO - 
================================================================================
DAG File Processing Stats

File Path                            PID  Runtime      # DAGs    # Errors  Last Runtime    Last Run
---------------------------------  -----  ---------  --------  ----------  --------------  ----------
/opt/airflow/dags/dbt_workflow.py    174  0.03s             0           0
================================================================================
[2024-11-26T19:39:49.097+0000] {manager.py:893} INFO - 
================================================================================
DAG File Processing Stats

File Path                            PID  Runtime      # DAGs    # Errors  Last Runtime    Last Run
---------------------------------  -----  ---------  --------  ----------  --------------  -------------------
/opt/airflow/dags/dbt_workflow.py    221  0.01s             1           0  0.09s           2024-11-26T19:39:19
================================================================================
[2024-11-26T19:40:19.232+0000] {manager.py:893} INFO - 
================================================================================
DAG File Processing Stats

File Path                            PID  Runtime      # DAGs    # Errors  Last Runtime    Last Run
---------------------------------  -----  ---------  --------  ----------  --------------  -------------------
/opt/airflow/dags/dbt_workflow.py    227  0.00s             1           0  0.09s           2024-11-26T19:39:49
================================================================================
[2024-11-26T19:40:49.344+0000] {manager.py:893} INFO - 
================================================================================
DAG File Processing Stats

File Path                            PID  Runtime      # DAGs    # Errors  Last Runtime    Last Run
---------------------------------  -----  ---------  --------  ----------  --------------  -------------------
/opt/airflow/dags/dbt_workflow.py    232  0.01s             1           0  0.08s           2024-11-26T19:40:19
================================================================================
[2024-11-26T19:41:19.479+0000] {manager.py:893} INFO - 
================================================================================
DAG File Processing Stats

File Path                            PID  Runtime      # DAGs    # Errors  Last Runtime    Last Run
---------------------------------  -----  ---------  --------  ----------  --------------  -------------------
/opt/airflow/dags/dbt_workflow.py    237  0.01s             1           0  0.09s           2024-11-26T19:40:49
================================================================================
[2024-11-26T19:41:49.613+0000] {manager.py:893} INFO - 
================================================================================
DAG File Processing Stats

File Path                          PID    Runtime      # DAGs    # Errors  Last Runtime    Last Run
---------------------------------  -----  ---------  --------  ----------  --------------  -------------------
/opt/airflow/dags/dbt_workflow.py                           1           0  0.21s           2024-11-26T19:41:19
================================================================================
[2024-11-26T19:42:19.862+0000] {manager.py:893} INFO - 
================================================================================
DAG File Processing Stats

File Path                          PID    Runtime      # DAGs    # Errors  Last Runtime    Last Run
---------------------------------  -----  ---------  --------  ----------  --------------  -------------------
/opt/airflow/dags/dbt_workflow.py                           1           0  0.21s           2024-11-26T19:41:49
================================================================================
[2024-11-26T19:42:50.197+0000] {manager.py:893} INFO - 
================================================================================
DAG File Processing Stats

File Path                          PID    Runtime      # DAGs    # Errors  Last Runtime    Last Run
---------------------------------  -----  ---------  --------  ----------  --------------  -------------------
/opt/airflow/dags/dbt_workflow.py                           1           0  0.24s           2024-11-26T19:42:20
================================================================================
[2024-11-26T19:43:20.507+0000] {manager.py:893} INFO - 
================================================================================
DAG File Processing Stats

File Path                          PID    Runtime      # DAGs    # Errors  Last Runtime    Last Run
---------------------------------  -----  ---------  --------  ----------  --------------  -------------------
/opt/airflow/dags/dbt_workflow.py                           1           0  0.18s           2024-11-26T19:42:50
================================================================================
[2024-11-26T19:43:50.821+0000] {manager.py:893} INFO - 
================================================================================
DAG File Processing Stats

File Path                          PID    Runtime      # DAGs    # Errors  Last Runtime    Last Run
---------------------------------  -----  ---------  --------  ----------  --------------  -------------------
/opt/airflow/dags/dbt_workflow.py                           1           0  0.10s           2024-11-26T19:43:20
================================================================================
[2024-11-26T19:44:18.994+0000] {manager.py:759} INFO - Searching for files in /opt/airflow/dags
[2024-11-26T19:44:19.004+0000] {manager.py:762} INFO - There are 1 files in /opt/airflow/dags
[2024-11-26T19:44:21.033+0000] {manager.py:893} INFO - 
================================================================================
DAG File Processing Stats

File Path                            PID  Runtime      # DAGs    # Errors  Last Runtime    Last Run
---------------------------------  -----  ---------  --------  ----------  --------------  -------------------
/opt/airflow/dags/dbt_workflow.py    267  0.00s             1           0  0.10s           2024-11-26T19:43:50
================================================================================
[2024-11-26T19:44:51.208+0000] {manager.py:893} INFO - 
================================================================================
DAG File Processing Stats

File Path                            PID  Runtime      # DAGs    # Errors  Last Runtime    Last Run
---------------------------------  -----  ---------  --------  ----------  --------------  -------------------
/opt/airflow/dags/dbt_workflow.py    272  0.01s             1           0  0.10s           2024-11-26T19:44:21
================================================================================
[2024-11-26T19:45:21.377+0000] {manager.py:893} INFO - 
================================================================================
DAG File Processing Stats

File Path                            PID  Runtime      # DAGs    # Errors  Last Runtime    Last Run
---------------------------------  -----  ---------  --------  ----------  --------------  -------------------
/opt/airflow/dags/dbt_workflow.py    277  0.01s             1           0  0.09s           2024-11-26T19:44:51
================================================================================
[2024-11-26T19:45:51.538+0000] {manager.py:893} INFO - 
================================================================================
DAG File Processing Stats

File Path                            PID  Runtime      # DAGs    # Errors  Last Runtime    Last Run
---------------------------------  -----  ---------  --------  ----------  --------------  -------------------
/opt/airflow/dags/dbt_workflow.py    282  0.00s             1           0  0.09s           2024-11-26T19:45:21
================================================================================
[2024-11-26T19:46:21.731+0000] {manager.py:893} INFO - 
================================================================================
DAG File Processing Stats

File Path                            PID  Runtime      # DAGs    # Errors  Last Runtime    Last Run
---------------------------------  -----  ---------  --------  ----------  --------------  -------------------
/opt/airflow/dags/dbt_workflow.py    287  0.01s             1           0  0.08s           2024-11-26T19:45:51
================================================================================
[2024-11-26T19:46:51.863+0000] {manager.py:893} INFO - 
================================================================================
DAG File Processing Stats

File Path                            PID  Runtime      # DAGs    # Errors  Last Runtime    Last Run
---------------------------------  -----  ---------  --------  ----------  --------------  -------------------
/opt/airflow/dags/dbt_workflow.py    292  0.01s             1           0  0.10s           2024-11-26T19:46:21
================================================================================
[2024-11-26T19:47:21.994+0000] {manager.py:893} INFO - 
================================================================================
DAG File Processing Stats

File Path                            PID  Runtime      # DAGs    # Errors  Last Runtime    Last Run
---------------------------------  -----  ---------  --------  ----------  --------------  -------------------
/opt/airflow/dags/dbt_workflow.py    297  0.00s             1           0  0.09s           2024-11-26T19:46:51
================================================================================
[2024-11-26T19:47:52.091+0000] {manager.py:893} INFO - 
================================================================================
DAG File Processing Stats

File Path                            PID  Runtime      # DAGs    # Errors  Last Runtime    Last Run
---------------------------------  -----  ---------  --------  ----------  --------------  -------------------
/opt/airflow/dags/dbt_workflow.py    302  0.00s             1           0  0.08s           2024-11-26T19:47:22
================================================================================
[2024-11-26T19:48:22.271+0000] {manager.py:893} INFO - 
================================================================================
DAG File Processing Stats

File Path                            PID  Runtime      # DAGs    # Errors  Last Runtime    Last Run
---------------------------------  -----  ---------  --------  ----------  --------------  -------------------
/opt/airflow/dags/dbt_workflow.py    307  0.00s             1           0  0.10s           2024-11-26T19:47:52
================================================================================
[2024-11-26T19:48:52.435+0000] {manager.py:893} INFO - 
================================================================================
DAG File Processing Stats

File Path                            PID  Runtime      # DAGs    # Errors  Last Runtime    Last Run
---------------------------------  -----  ---------  --------  ----------  --------------  -------------------
/opt/airflow/dags/dbt_workflow.py    312  0.01s             1           0  0.08s           2024-11-26T19:48:22
================================================================================
[2024-11-26T19:49:19.596+0000] {manager.py:759} INFO - Searching for files in /opt/airflow/dags
[2024-11-26T19:49:19.606+0000] {manager.py:762} INFO - There are 1 files in /opt/airflow/dags
[2024-11-26T19:49:22.649+0000] {manager.py:893} INFO - 
================================================================================
DAG File Processing Stats

File Path                            PID  Runtime      # DAGs    # Errors  Last Runtime    Last Run
---------------------------------  -----  ---------  --------  ----------  --------------  -------------------
/opt/airflow/dags/dbt_workflow.py    317  0.01s             1           0  0.11s           2024-11-26T19:48:52
================================================================================
[2024-11-26T19:49:52.752+0000] {manager.py:893} INFO - 
================================================================================
DAG File Processing Stats

File Path                            PID  Runtime      # DAGs    # Errors  Last Runtime    Last Run
---------------------------------  -----  ---------  --------  ----------  --------------  -------------------
/opt/airflow/dags/dbt_workflow.py    322  0.00s             1           0  0.10s           2024-11-26T19:49:22
================================================================================
[2024-11-26T19:50:22.901+0000] {manager.py:893} INFO - 
================================================================================
DAG File Processing Stats

File Path                            PID  Runtime      # DAGs    # Errors  Last Runtime    Last Run
---------------------------------  -----  ---------  --------  ----------  --------------  -------------------
/opt/airflow/dags/dbt_workflow.py    327  0.01s             1           0  0.10s           2024-11-26T19:49:52
================================================================================
[2024-11-26T19:50:53.087+0000] {manager.py:893} INFO - 
================================================================================
DAG File Processing Stats

File Path                            PID  Runtime      # DAGs    # Errors  Last Runtime    Last Run
---------------------------------  -----  ---------  --------  ----------  --------------  -------------------
/opt/airflow/dags/dbt_workflow.py    332  0.00s             1           0  0.09s           2024-11-26T19:50:22
================================================================================
[2024-11-26T19:51:23.152+0000] {manager.py:893} INFO - 
================================================================================
DAG File Processing Stats

File Path                          PID    Runtime      # DAGs    # Errors  Last Runtime    Last Run
---------------------------------  -----  ---------  --------  ----------  --------------  -------------------
/opt/airflow/dags/dbt_workflow.py                           1           0  0.09s           2024-11-26T19:50:53
================================================================================
[2024-11-26T19:51:53.318+0000] {manager.py:893} INFO - 
================================================================================
DAG File Processing Stats

File Path                          PID    Runtime      # DAGs    # Errors  Last Runtime    Last Run
---------------------------------  -----  ---------  --------  ----------  --------------  -------------------
/opt/airflow/dags/dbt_workflow.py                           1           0  0.11s           2024-11-26T19:51:23
================================================================================
[2024-11-26T19:52:23.469+0000] {manager.py:893} INFO - 
================================================================================
DAG File Processing Stats

File Path                          PID    Runtime      # DAGs    # Errors  Last Runtime    Last Run
---------------------------------  -----  ---------  --------  ----------  --------------  -------------------
/opt/airflow/dags/dbt_workflow.py                           1           0  0.10s           2024-11-26T19:51:53
================================================================================
[2024-11-26T19:52:53.575+0000] {manager.py:893} INFO - 
================================================================================
DAG File Processing Stats

File Path                          PID    Runtime      # DAGs    # Errors  Last Runtime    Last Run
---------------------------------  -----  ---------  --------  ----------  --------------  -------------------
/opt/airflow/dags/dbt_workflow.py                           1           0  0.10s           2024-11-26T19:52:23
================================================================================
[2024-11-26T19:53:23.737+0000] {manager.py:893} INFO - 
================================================================================
DAG File Processing Stats

File Path                          PID    Runtime      # DAGs    # Errors  Last Runtime    Last Run
---------------------------------  -----  ---------  --------  ----------  --------------  -------------------
/opt/airflow/dags/dbt_workflow.py                           1           0  0.10s           2024-11-26T19:52:53
================================================================================
[2024-11-26T19:53:53.891+0000] {manager.py:893} INFO - 
================================================================================
DAG File Processing Stats

File Path                            PID  Runtime      # DAGs    # Errors  Last Runtime    Last Run
---------------------------------  -----  ---------  --------  ----------  --------------  -------------------
/opt/airflow/dags/dbt_workflow.py    362  0.00s             1           0  0.09s           2024-11-26T19:53:23
================================================================================
[2024-11-26T19:54:19.997+0000] {manager.py:759} INFO - Searching for files in /opt/airflow/dags
[2024-11-26T19:54:20.006+0000] {manager.py:762} INFO - There are 1 files in /opt/airflow/dags
[2024-11-26T19:54:24.041+0000] {manager.py:893} INFO - 
================================================================================
DAG File Processing Stats

File Path                            PID  Runtime      # DAGs    # Errors  Last Runtime    Last Run
---------------------------------  -----  ---------  --------  ----------  --------------  -------------------
/opt/airflow/dags/dbt_workflow.py    367  0.00s             1           0  0.09s           2024-11-26T19:53:53
================================================================================
[2024-11-26T19:54:54.171+0000] {manager.py:893} INFO - 
================================================================================
DAG File Processing Stats

File Path                            PID  Runtime      # DAGs    # Errors  Last Runtime    Last Run
---------------------------------  -----  ---------  --------  ----------  --------------  -------------------
/opt/airflow/dags/dbt_workflow.py    372  0.00s             1           0  0.08s           2024-11-26T19:54:24
================================================================================
[2024-11-26T19:55:24.291+0000] {manager.py:893} INFO - 
================================================================================
DAG File Processing Stats

File Path                            PID  Runtime      # DAGs    # Errors  Last Runtime    Last Run
---------------------------------  -----  ---------  --------  ----------  --------------  -------------------
/opt/airflow/dags/dbt_workflow.py    377  0.01s             1           0  0.10s           2024-11-26T19:54:54
================================================================================
[2024-11-26T19:55:54.418+0000] {manager.py:893} INFO - 
================================================================================
DAG File Processing Stats

File Path                            PID  Runtime      # DAGs    # Errors  Last Runtime    Last Run
---------------------------------  -----  ---------  --------  ----------  --------------  -------------------
/opt/airflow/dags/dbt_workflow.py    382  0.00s             1           0  0.10s           2024-11-26T19:55:24
================================================================================
[2024-11-26T19:56:24.456+0000] {manager.py:893} INFO - 
================================================================================
DAG File Processing Stats

File Path                          PID    Runtime      # DAGs    # Errors  Last Runtime    Last Run
---------------------------------  -----  ---------  --------  ----------  --------------  -------------------
/opt/airflow/dags/dbt_workflow.py                           1           0  0.10s           2024-11-26T19:55:54
================================================================================
[2024-11-26T19:56:54.738+0000] {manager.py:893} INFO - 
================================================================================
DAG File Processing Stats

File Path                            PID  Runtime      # DAGs    # Errors  Last Runtime    Last Run
---------------------------------  -----  ---------  --------  ----------  --------------  -------------------
/opt/airflow/dags/dbt_workflow.py    392  0.01s             1           0  0.10s           2024-11-26T19:56:24
================================================================================
[2024-11-26T19:57:24.594+0000] {manager.py:893} INFO - 
================================================================================
DAG File Processing Stats

File Path                          PID    Runtime      # DAGs    # Errors  Last Runtime    Last Run
---------------------------------  -----  ---------  --------  ----------  --------------  -------------------
/opt/airflow/dags/dbt_workflow.py                           1           0  0.09s           2024-11-26T19:56:54
================================================================================
[2024-11-26T19:57:54.720+0000] {manager.py:893} INFO - 
================================================================================
DAG File Processing Stats

File Path                          PID    Runtime      # DAGs    # Errors  Last Runtime    Last Run
---------------------------------  -----  ---------  --------  ----------  --------------  -------------------
/opt/airflow/dags/dbt_workflow.py                           1           0  0.11s           2024-11-26T19:57:25
================================================================================
[2024-11-26T19:58:24.881+0000] {manager.py:893} INFO - 
================================================================================
DAG File Processing Stats

File Path                          PID    Runtime      # DAGs    # Errors  Last Runtime    Last Run
---------------------------------  -----  ---------  --------  ----------  --------------  -------------------
/opt/airflow/dags/dbt_workflow.py                           1           0  0.10s           2024-11-26T19:57:55
================================================================================
[2024-11-26T19:58:55.001+0000] {manager.py:893} INFO - 
================================================================================
DAG File Processing Stats

File Path                          PID    Runtime      # DAGs    # Errors  Last Runtime    Last Run
---------------------------------  -----  ---------  --------  ----------  --------------  -------------------
/opt/airflow/dags/dbt_workflow.py                           1           0  0.09s           2024-11-26T19:58:25
================================================================================
[2024-11-26T19:59:20.082+0000] {manager.py:759} INFO - Searching for files in /opt/airflow/dags
[2024-11-26T19:59:20.093+0000] {manager.py:762} INFO - There are 1 files in /opt/airflow/dags
[2024-11-26T19:59:25.131+0000] {manager.py:893} INFO - 
================================================================================
DAG File Processing Stats

File Path                          PID    Runtime      # DAGs    # Errors  Last Runtime    Last Run
---------------------------------  -----  ---------  --------  ----------  --------------  -------------------
/opt/airflow/dags/dbt_workflow.py                           1           0  0.12s           2024-11-26T19:58:56
================================================================================
[2024-11-26T19:59:55.248+0000] {manager.py:893} INFO - 
================================================================================
DAG File Processing Stats

File Path                          PID    Runtime      # DAGs    # Errors  Last Runtime    Last Run
---------------------------------  -----  ---------  --------  ----------  --------------  -------------------
/opt/airflow/dags/dbt_workflow.py                           1           0  0.10s           2024-11-26T19:59:26
================================================================================
[2024-11-26T20:00:25.361+0000] {manager.py:893} INFO - 
================================================================================
DAG File Processing Stats

File Path                          PID    Runtime      # DAGs    # Errors  Last Runtime    Last Run
---------------------------------  -----  ---------  --------  ----------  --------------  -------------------
/opt/airflow/dags/dbt_workflow.py                           1           0  0.09s           2024-11-26T19:59:56
================================================================================
[2024-11-26T20:00:55.502+0000] {manager.py:893} INFO - 
================================================================================
DAG File Processing Stats

File Path                          PID    Runtime      # DAGs    # Errors  Last Runtime    Last Run
---------------------------------  -----  ---------  --------  ----------  --------------  -------------------
/opt/airflow/dags/dbt_workflow.py                           1           0  0.10s           2024-11-26T20:00:26
================================================================================
[2024-11-26T20:01:25.601+0000] {manager.py:893} INFO - 
================================================================================
DAG File Processing Stats

File Path                          PID    Runtime      # DAGs    # Errors  Last Runtime    Last Run
---------------------------------  -----  ---------  --------  ----------  --------------  -------------------
/opt/airflow/dags/dbt_workflow.py                           1           0  0.10s           2024-11-26T20:00:56
================================================================================
[2024-11-26T20:01:55.730+0000] {manager.py:893} INFO - 
================================================================================
DAG File Processing Stats

File Path                          PID    Runtime      # DAGs    # Errors  Last Runtime    Last Run
---------------------------------  -----  ---------  --------  ----------  --------------  -------------------
/opt/airflow/dags/dbt_workflow.py                           1           0  0.11s           2024-11-26T20:01:26
================================================================================
[2024-11-26T20:02:25.945+0000] {manager.py:893} INFO - 
================================================================================
DAG File Processing Stats

File Path                          PID    Runtime      # DAGs    # Errors  Last Runtime    Last Run
---------------------------------  -----  ---------  --------  ----------  --------------  -------------------
/opt/airflow/dags/dbt_workflow.py                           1           0  0.09s           2024-11-26T20:01:56
================================================================================
[2024-11-26T20:02:56.147+0000] {manager.py:893} INFO - 
================================================================================
DAG File Processing Stats

File Path                          PID    Runtime      # DAGs    # Errors  Last Runtime    Last Run
---------------------------------  -----  ---------  --------  ----------  --------------  -------------------
/opt/airflow/dags/dbt_workflow.py                           1           0  0.09s           2024-11-26T20:02:27
================================================================================
[2024-11-26T20:03:26.302+0000] {manager.py:893} INFO - 
================================================================================
DAG File Processing Stats

File Path                          PID    Runtime      # DAGs    # Errors  Last Runtime    Last Run
---------------------------------  -----  ---------  --------  ----------  --------------  -------------------
/opt/airflow/dags/dbt_workflow.py                           1           0  0.10s           2024-11-26T20:02:57
================================================================================
[2024-11-26T20:03:56.452+0000] {manager.py:893} INFO - 
================================================================================
DAG File Processing Stats

File Path                          PID    Runtime      # DAGs    # Errors  Last Runtime    Last Run
---------------------------------  -----  ---------  --------  ----------  --------------  -------------------
/opt/airflow/dags/dbt_workflow.py                           1           0  0.09s           2024-11-26T20:03:27
================================================================================
[2024-11-26T20:04:20.562+0000] {manager.py:759} INFO - Searching for files in /opt/airflow/dags
[2024-11-26T20:04:20.571+0000] {manager.py:762} INFO - There are 1 files in /opt/airflow/dags
[2024-11-26T20:04:26.629+0000] {manager.py:893} INFO - 
================================================================================
DAG File Processing Stats

File Path                          PID    Runtime      # DAGs    # Errors  Last Runtime    Last Run
---------------------------------  -----  ---------  --------  ----------  --------------  -------------------
/opt/airflow/dags/dbt_workflow.py                           1           0  0.08s           2024-11-26T20:03:57
================================================================================
[2024-11-26T20:04:56.746+0000] {manager.py:893} INFO - 
================================================================================
DAG File Processing Stats

File Path                          PID    Runtime      # DAGs    # Errors  Last Runtime    Last Run
---------------------------------  -----  ---------  --------  ----------  --------------  -------------------
/opt/airflow/dags/dbt_workflow.py                           1           0  0.08s           2024-11-26T20:04:27
================================================================================
[2024-11-27T16:40:35.308+0000] {manager.py:487} INFO - Processing files using up to 2 processes at a time 
[2024-11-27T16:40:35.310+0000] {manager.py:488} INFO - Process each file at most once every 30 seconds
[2024-11-27T16:40:35.311+0000] {manager.py:489} INFO - Checking for new files in /opt/airflow/dags every 300 seconds
[2024-11-27T16:40:35.311+0000] {manager.py:759} INFO - Searching for files in /opt/airflow/dags
[2024-11-27T16:40:35.323+0000] {manager.py:762} INFO - There are 1 files in /opt/airflow/dags
[2024-11-27T16:40:35.395+0000] {manager.py:893} INFO - 
================================================================================
DAG File Processing Stats

File Path                            PID  Runtime      # DAGs    # Errors  Last Runtime    Last Run
---------------------------------  -----  ---------  --------  ----------  --------------  ----------
/opt/airflow/dags/dbt_workflow.py    173  0.03s             0           0
================================================================================
[2024-11-27T16:41:04.033+0000] {manager.py:893} INFO - 
================================================================================
DAG File Processing Stats

File Path                          PID    Runtime      # DAGs    # Errors  Last Runtime    Last Run
---------------------------------  -----  ---------  --------  ----------  --------------  -------------------
/opt/airflow/dags/dbt_workflow.py                           1           0  0.12s           2024-11-27T16:40:35
================================================================================
[2024-11-27T16:41:32.713+0000] {manager.py:893} INFO - 
================================================================================
DAG File Processing Stats

File Path                          PID    Runtime      # DAGs    # Errors  Last Runtime    Last Run
---------------------------------  -----  ---------  --------  ----------  --------------  -------------------
/opt/airflow/dags/dbt_workflow.py                           1           0  0.17s           2024-11-27T16:41:06
================================================================================
[2024-11-27T16:42:01.614+0000] {manager.py:893} INFO - 
================================================================================
DAG File Processing Stats

File Path                          PID    Runtime      # DAGs    # Errors  Last Runtime    Last Run
---------------------------------  -----  ---------  --------  ----------  --------------  -------------------
/opt/airflow/dags/dbt_workflow.py                           1           0  0.13s           2024-11-27T16:41:36
================================================================================
[2024-11-27T16:42:29.965+0000] {manager.py:893} INFO - 
================================================================================
DAG File Processing Stats

File Path                          PID    Runtime      # DAGs    # Errors  Last Runtime    Last Run
---------------------------------  -----  ---------  --------  ----------  --------------  -------------------
/opt/airflow/dags/dbt_workflow.py                           1           0  0.14s           2024-11-27T16:42:07
================================================================================
[2024-11-27T16:42:58.644+0000] {manager.py:893} INFO - 
================================================================================
DAG File Processing Stats

File Path                          PID    Runtime      # DAGs    # Errors  Last Runtime    Last Run
---------------------------------  -----  ---------  --------  ----------  --------------  -------------------
/opt/airflow/dags/dbt_workflow.py                           1           0  0.41s           2024-11-27T16:42:38
================================================================================
[2024-11-27T16:43:27.413+0000] {manager.py:893} INFO - 
================================================================================
DAG File Processing Stats

File Path                          PID    Runtime      # DAGs    # Errors  Last Runtime    Last Run
---------------------------------  -----  ---------  --------  ----------  --------------  -------------------
/opt/airflow/dags/dbt_workflow.py                           1           0  0.47s           2024-11-27T16:43:09
================================================================================
[2024-11-27T16:43:56.237+0000] {manager.py:893} INFO - 
================================================================================
DAG File Processing Stats

File Path                          PID    Runtime      # DAGs    # Errors  Last Runtime    Last Run
---------------------------------  -----  ---------  --------  ----------  --------------  -------------------
/opt/airflow/dags/dbt_workflow.py                           1           0  0.40s           2024-11-27T16:43:39
================================================================================
[2024-11-27T16:44:24.785+0000] {manager.py:893} INFO - 
================================================================================
DAG File Processing Stats

File Path                          PID    Runtime      # DAGs    # Errors  Last Runtime    Last Run
---------------------------------  -----  ---------  --------  ----------  --------------  -------------------
/opt/airflow/dags/dbt_workflow.py                           1           0  0.40s           2024-11-27T16:44:10
================================================================================
[2024-11-27T16:44:54.944+0000] {manager.py:893} INFO - 
================================================================================
DAG File Processing Stats

File Path                          PID    Runtime      # DAGs    # Errors  Last Runtime    Last Run
---------------------------------  -----  ---------  --------  ----------  --------------  -------------------
/opt/airflow/dags/dbt_workflow.py                           1           0  0.16s           2024-11-27T16:44:41
================================================================================
[2024-11-27T16:45:22.196+0000] {manager.py:893} INFO - 
================================================================================
DAG File Processing Stats

File Path                          PID    Runtime      # DAGs    # Errors  Last Runtime    Last Run
---------------------------------  -----  ---------  --------  ----------  --------------  -------------------
/opt/airflow/dags/dbt_workflow.py                           1           0  0.21s           2024-11-27T16:45:12
================================================================================
[2024-11-27T16:45:35.343+0000] {manager.py:759} INFO - Searching for files in /opt/airflow/dags
[2024-11-27T16:45:35.359+0000] {manager.py:762} INFO - There are 1 files in /opt/airflow/dags
[2024-11-27T16:45:50.550+0000] {manager.py:893} INFO - 
================================================================================
DAG File Processing Stats

File Path                          PID    Runtime      # DAGs    # Errors  Last Runtime    Last Run
---------------------------------  -----  ---------  --------  ----------  --------------  -------------------
/opt/airflow/dags/dbt_workflow.py                           1           0  0.15s           2024-11-27T16:45:42
================================================================================
[2024-11-27T16:46:19.198+0000] {manager.py:893} INFO - 
================================================================================
DAG File Processing Stats

File Path                          PID    Runtime      # DAGs    # Errors  Last Runtime    Last Run
---------------------------------  -----  ---------  --------  ----------  --------------  -------------------
/opt/airflow/dags/dbt_workflow.py                           1           0  0.19s           2024-11-27T16:46:13
================================================================================
[2024-11-27T16:46:48.109+0000] {manager.py:893} INFO - 
================================================================================
DAG File Processing Stats

File Path                          PID    Runtime      # DAGs    # Errors  Last Runtime    Last Run
---------------------------------  -----  ---------  --------  ----------  --------------  -------------------
/opt/airflow/dags/dbt_workflow.py                           1           0  0.13s           2024-11-27T16:46:44
================================================================================
[2024-11-27T16:47:16.266+0000] {manager.py:893} INFO - 
================================================================================
DAG File Processing Stats

File Path                          PID    Runtime      # DAGs    # Errors  Last Runtime    Last Run
---------------------------------  -----  ---------  --------  ----------  --------------  -------------------
/opt/airflow/dags/dbt_workflow.py                           1           0  0.18s           2024-11-27T16:47:15
================================================================================
[2024-11-27T16:47:44.755+0000] {manager.py:893} INFO - 
================================================================================
DAG File Processing Stats

File Path                          PID    Runtime      # DAGs    # Errors  Last Runtime    Last Run
---------------------------------  -----  ---------  --------  ----------  --------------  -------------------
/opt/airflow/dags/dbt_workflow.py                           1           0  0.18s           2024-11-27T16:47:15
================================================================================
[2024-11-27T16:48:13.401+0000] {manager.py:893} INFO - 
================================================================================
DAG File Processing Stats

File Path                          PID    Runtime      # DAGs    # Errors  Last Runtime    Last Run
---------------------------------  -----  ---------  --------  ----------  --------------  -------------------
/opt/airflow/dags/dbt_workflow.py                           1           0  0.14s           2024-11-27T16:47:45
================================================================================
[2024-11-27T16:48:42.054+0000] {manager.py:893} INFO - 
================================================================================
DAG File Processing Stats

File Path                          PID    Runtime      # DAGs    # Errors  Last Runtime    Last Run
---------------------------------  -----  ---------  --------  ----------  --------------  -------------------
/opt/airflow/dags/dbt_workflow.py                           1           0  0.16s           2024-11-27T16:48:16
================================================================================
