[2024-11-27T16:40:35.380+0000] {processor.py:157} INFO - Started process (PID=173) to work on /opt/airflow/dags/dbt_workflow.py
[2024-11-27T16:40:35.381+0000] {processor.py:829} INFO - Processing file /opt/airflow/dags/dbt_workflow.py for tasks to queue
[2024-11-27T16:40:35.382+0000] {logging_mixin.py:151} INFO - [2024-11-27T16:40:35.381+0000] {dagbag.py:539} INFO - Filling up the DagBag from /opt/airflow/dags/dbt_workflow.py
[2024-11-27T16:40:35.401+0000] {processor.py:839} INFO - DAG(s) dict_keys(['dbt_workflow']) retrieved from /opt/airflow/dags/dbt_workflow.py
[2024-11-27T16:40:35.425+0000] {logging_mixin.py:151} INFO - [2024-11-27T16:40:35.425+0000] {dag.py:2915} INFO - Sync 1 DAGs
[2024-11-27T16:40:35.449+0000] {logging_mixin.py:151} INFO - [2024-11-27T16:40:35.449+0000] {dag.py:3696} INFO - Setting next_dagrun for dbt_workflow to 2024-11-26T00:00:00+00:00, run_after=2024-11-27T00:00:00+00:00
[2024-11-27T16:40:35.469+0000] {processor.py:179} INFO - Processing /opt/airflow/dags/dbt_workflow.py took 0.092 seconds
[2024-11-27T16:41:06.088+0000] {processor.py:157} INFO - Started process (PID=221) to work on /opt/airflow/dags/dbt_workflow.py
[2024-11-27T16:41:06.089+0000] {processor.py:829} INFO - Processing file /opt/airflow/dags/dbt_workflow.py for tasks to queue
[2024-11-27T16:41:06.090+0000] {logging_mixin.py:151} INFO - [2024-11-27T16:41:06.090+0000] {dagbag.py:539} INFO - Filling up the DagBag from /opt/airflow/dags/dbt_workflow.py
[2024-11-27T16:41:06.110+0000] {processor.py:839} INFO - DAG(s) dict_keys(['dbt_workflow']) retrieved from /opt/airflow/dags/dbt_workflow.py
[2024-11-27T16:41:06.164+0000] {logging_mixin.py:151} INFO - [2024-11-27T16:41:06.163+0000] {dag.py:2915} INFO - Sync 1 DAGs
[2024-11-27T16:41:06.204+0000] {logging_mixin.py:151} INFO - [2024-11-27T16:41:06.203+0000] {dag.py:3696} INFO - Setting next_dagrun for dbt_workflow to 2024-11-26T00:00:00+00:00, run_after=2024-11-27T00:00:00+00:00
[2024-11-27T16:41:06.227+0000] {processor.py:179} INFO - Processing /opt/airflow/dags/dbt_workflow.py took 0.143 seconds
[2024-11-27T16:41:36.856+0000] {processor.py:157} INFO - Started process (PID=226) to work on /opt/airflow/dags/dbt_workflow.py
[2024-11-27T16:41:36.858+0000] {processor.py:829} INFO - Processing file /opt/airflow/dags/dbt_workflow.py for tasks to queue
[2024-11-27T16:41:36.859+0000] {logging_mixin.py:151} INFO - [2024-11-27T16:41:36.858+0000] {dagbag.py:539} INFO - Filling up the DagBag from /opt/airflow/dags/dbt_workflow.py
[2024-11-27T16:41:36.882+0000] {processor.py:839} INFO - DAG(s) dict_keys(['dbt_workflow']) retrieved from /opt/airflow/dags/dbt_workflow.py
[2024-11-27T16:41:36.913+0000] {logging_mixin.py:151} INFO - [2024-11-27T16:41:36.913+0000] {dag.py:2915} INFO - Sync 1 DAGs
[2024-11-27T16:41:36.936+0000] {logging_mixin.py:151} INFO - [2024-11-27T16:41:36.936+0000] {dag.py:3696} INFO - Setting next_dagrun for dbt_workflow to 2024-11-26T00:00:00+00:00, run_after=2024-11-27T00:00:00+00:00
[2024-11-27T16:41:36.955+0000] {processor.py:179} INFO - Processing /opt/airflow/dags/dbt_workflow.py took 0.102 seconds
[2024-11-27T16:42:07.711+0000] {processor.py:157} INFO - Started process (PID=231) to work on /opt/airflow/dags/dbt_workflow.py
[2024-11-27T16:42:07.712+0000] {processor.py:829} INFO - Processing file /opt/airflow/dags/dbt_workflow.py for tasks to queue
[2024-11-27T16:42:07.713+0000] {logging_mixin.py:151} INFO - [2024-11-27T16:42:07.713+0000] {dagbag.py:539} INFO - Filling up the DagBag from /opt/airflow/dags/dbt_workflow.py
[2024-11-27T16:42:07.733+0000] {processor.py:839} INFO - DAG(s) dict_keys(['dbt_workflow']) retrieved from /opt/airflow/dags/dbt_workflow.py
[2024-11-27T16:42:07.767+0000] {logging_mixin.py:151} INFO - [2024-11-27T16:42:07.767+0000] {dag.py:2915} INFO - Sync 1 DAGs
[2024-11-27T16:42:07.796+0000] {logging_mixin.py:151} INFO - [2024-11-27T16:42:07.795+0000] {dag.py:3696} INFO - Setting next_dagrun for dbt_workflow to 2024-11-26T00:00:00+00:00, run_after=2024-11-27T00:00:00+00:00
[2024-11-27T16:42:07.817+0000] {processor.py:179} INFO - Processing /opt/airflow/dags/dbt_workflow.py took 0.109 seconds
[2024-11-27T16:42:38.162+0000] {processor.py:157} INFO - Started process (PID=236) to work on /opt/airflow/dags/dbt_workflow.py
[2024-11-27T16:42:38.163+0000] {processor.py:829} INFO - Processing file /opt/airflow/dags/dbt_workflow.py for tasks to queue
[2024-11-27T16:42:38.164+0000] {logging_mixin.py:151} INFO - [2024-11-27T16:42:38.163+0000] {dagbag.py:539} INFO - Filling up the DagBag from /opt/airflow/dags/dbt_workflow.py
[2024-11-27T16:42:38.186+0000] {processor.py:839} INFO - DAG(s) dict_keys(['dbt_workflow']) retrieved from /opt/airflow/dags/dbt_workflow.py
[2024-11-27T16:42:38.218+0000] {logging_mixin.py:151} INFO - [2024-11-27T16:42:38.218+0000] {dag.py:2915} INFO - Sync 1 DAGs
[2024-11-27T16:42:38.249+0000] {logging_mixin.py:151} INFO - [2024-11-27T16:42:38.248+0000] {dag.py:3696} INFO - Setting next_dagrun for dbt_workflow to 2024-11-26T00:00:00+00:00, run_after=2024-11-27T00:00:00+00:00
[2024-11-27T16:42:38.524+0000] {processor.py:179} INFO - Processing /opt/airflow/dags/dbt_workflow.py took 0.366 seconds
[2024-11-27T16:43:08.790+0000] {processor.py:157} INFO - Started process (PID=241) to work on /opt/airflow/dags/dbt_workflow.py
[2024-11-27T16:43:08.791+0000] {processor.py:829} INFO - Processing file /opt/airflow/dags/dbt_workflow.py for tasks to queue
[2024-11-27T16:43:08.793+0000] {logging_mixin.py:151} INFO - [2024-11-27T16:43:08.792+0000] {dagbag.py:539} INFO - Filling up the DagBag from /opt/airflow/dags/dbt_workflow.py
[2024-11-27T16:43:08.817+0000] {processor.py:839} INFO - DAG(s) dict_keys(['dbt_workflow']) retrieved from /opt/airflow/dags/dbt_workflow.py
[2024-11-27T16:43:08.853+0000] {logging_mixin.py:151} INFO - [2024-11-27T16:43:08.852+0000] {dag.py:2915} INFO - Sync 1 DAGs
[2024-11-27T16:43:09.202+0000] {logging_mixin.py:151} INFO - [2024-11-27T16:43:09.201+0000] {dag.py:3696} INFO - Setting next_dagrun for dbt_workflow to 2024-11-26T00:00:00+00:00, run_after=2024-11-27T00:00:00+00:00
[2024-11-27T16:43:09.222+0000] {processor.py:179} INFO - Processing /opt/airflow/dags/dbt_workflow.py took 0.436 seconds
[2024-11-27T16:43:39.599+0000] {processor.py:157} INFO - Started process (PID=246) to work on /opt/airflow/dags/dbt_workflow.py
[2024-11-27T16:43:39.600+0000] {processor.py:829} INFO - Processing file /opt/airflow/dags/dbt_workflow.py for tasks to queue
[2024-11-27T16:43:39.601+0000] {logging_mixin.py:151} INFO - [2024-11-27T16:43:39.601+0000] {dagbag.py:539} INFO - Filling up the DagBag from /opt/airflow/dags/dbt_workflow.py
[2024-11-27T16:43:39.624+0000] {processor.py:839} INFO - DAG(s) dict_keys(['dbt_workflow']) retrieved from /opt/airflow/dags/dbt_workflow.py
[2024-11-27T16:43:39.656+0000] {logging_mixin.py:151} INFO - [2024-11-27T16:43:39.655+0000] {dag.py:2915} INFO - Sync 1 DAGs
[2024-11-27T16:43:39.941+0000] {logging_mixin.py:151} INFO - [2024-11-27T16:43:39.941+0000] {dag.py:3696} INFO - Setting next_dagrun for dbt_workflow to 2024-11-26T00:00:00+00:00, run_after=2024-11-27T00:00:00+00:00
[2024-11-27T16:43:39.962+0000] {processor.py:179} INFO - Processing /opt/airflow/dags/dbt_workflow.py took 0.367 seconds
[2024-11-27T16:44:10.560+0000] {processor.py:157} INFO - Started process (PID=251) to work on /opt/airflow/dags/dbt_workflow.py
[2024-11-27T16:44:10.561+0000] {processor.py:829} INFO - Processing file /opt/airflow/dags/dbt_workflow.py for tasks to queue
[2024-11-27T16:44:10.562+0000] {logging_mixin.py:151} INFO - [2024-11-27T16:44:10.562+0000] {dagbag.py:539} INFO - Filling up the DagBag from /opt/airflow/dags/dbt_workflow.py
[2024-11-27T16:44:10.602+0000] {processor.py:839} INFO - DAG(s) dict_keys(['dbt_workflow']) retrieved from /opt/airflow/dags/dbt_workflow.py
[2024-11-27T16:44:10.883+0000] {logging_mixin.py:151} INFO - [2024-11-27T16:44:10.882+0000] {dag.py:2915} INFO - Sync 1 DAGs
[2024-11-27T16:44:10.905+0000] {logging_mixin.py:151} INFO - [2024-11-27T16:44:10.905+0000] {dag.py:3696} INFO - Setting next_dagrun for dbt_workflow to 2024-11-26T00:00:00+00:00, run_after=2024-11-27T00:00:00+00:00
[2024-11-27T16:44:10.922+0000] {processor.py:179} INFO - Processing /opt/airflow/dags/dbt_workflow.py took 0.366 seconds
[2024-11-27T16:44:41.246+0000] {processor.py:157} INFO - Started process (PID=256) to work on /opt/airflow/dags/dbt_workflow.py
[2024-11-27T16:44:41.248+0000] {processor.py:829} INFO - Processing file /opt/airflow/dags/dbt_workflow.py for tasks to queue
[2024-11-27T16:44:41.250+0000] {logging_mixin.py:151} INFO - [2024-11-27T16:44:41.250+0000] {dagbag.py:539} INFO - Filling up the DagBag from /opt/airflow/dags/dbt_workflow.py
[2024-11-27T16:44:41.276+0000] {processor.py:839} INFO - DAG(s) dict_keys(['dbt_workflow']) retrieved from /opt/airflow/dags/dbt_workflow.py
[2024-11-27T16:44:41.316+0000] {logging_mixin.py:151} INFO - [2024-11-27T16:44:41.315+0000] {dag.py:2915} INFO - Sync 1 DAGs
[2024-11-27T16:44:41.342+0000] {logging_mixin.py:151} INFO - [2024-11-27T16:44:41.342+0000] {dag.py:3696} INFO - Setting next_dagrun for dbt_workflow to 2024-11-26T00:00:00+00:00, run_after=2024-11-27T00:00:00+00:00
[2024-11-27T16:44:41.363+0000] {processor.py:179} INFO - Processing /opt/airflow/dags/dbt_workflow.py took 0.123 seconds
[2024-11-27T16:45:11.843+0000] {processor.py:157} INFO - Started process (PID=261) to work on /opt/airflow/dags/dbt_workflow.py
[2024-11-27T16:45:11.844+0000] {processor.py:829} INFO - Processing file /opt/airflow/dags/dbt_workflow.py for tasks to queue
[2024-11-27T16:45:11.846+0000] {logging_mixin.py:151} INFO - [2024-11-27T16:45:11.845+0000] {dagbag.py:539} INFO - Filling up the DagBag from /opt/airflow/dags/dbt_workflow.py
[2024-11-27T16:45:11.875+0000] {processor.py:839} INFO - DAG(s) dict_keys(['dbt_workflow']) retrieved from /opt/airflow/dags/dbt_workflow.py
[2024-11-27T16:45:11.927+0000] {logging_mixin.py:151} INFO - [2024-11-27T16:45:11.926+0000] {dag.py:2915} INFO - Sync 1 DAGs
[2024-11-27T16:45:11.974+0000] {logging_mixin.py:151} INFO - [2024-11-27T16:45:11.973+0000] {dag.py:3696} INFO - Setting next_dagrun for dbt_workflow to 2024-11-26T00:00:00+00:00, run_after=2024-11-27T00:00:00+00:00
[2024-11-27T16:45:12.009+0000] {processor.py:179} INFO - Processing /opt/airflow/dags/dbt_workflow.py took 0.169 seconds
[2024-11-27T16:45:42.480+0000] {processor.py:157} INFO - Started process (PID=266) to work on /opt/airflow/dags/dbt_workflow.py
[2024-11-27T16:45:42.481+0000] {processor.py:829} INFO - Processing file /opt/airflow/dags/dbt_workflow.py for tasks to queue
[2024-11-27T16:45:42.483+0000] {logging_mixin.py:151} INFO - [2024-11-27T16:45:42.483+0000] {dagbag.py:539} INFO - Filling up the DagBag from /opt/airflow/dags/dbt_workflow.py
[2024-11-27T16:45:42.508+0000] {processor.py:839} INFO - DAG(s) dict_keys(['dbt_workflow']) retrieved from /opt/airflow/dags/dbt_workflow.py
[2024-11-27T16:45:42.551+0000] {logging_mixin.py:151} INFO - [2024-11-27T16:45:42.550+0000] {dag.py:2915} INFO - Sync 1 DAGs
[2024-11-27T16:45:42.578+0000] {logging_mixin.py:151} INFO - [2024-11-27T16:45:42.577+0000] {dag.py:3696} INFO - Setting next_dagrun for dbt_workflow to 2024-11-26T00:00:00+00:00, run_after=2024-11-27T00:00:00+00:00
[2024-11-27T16:45:42.598+0000] {processor.py:179} INFO - Processing /opt/airflow/dags/dbt_workflow.py took 0.121 seconds
[2024-11-27T16:46:13.021+0000] {processor.py:157} INFO - Started process (PID=271) to work on /opt/airflow/dags/dbt_workflow.py
[2024-11-27T16:46:13.023+0000] {processor.py:829} INFO - Processing file /opt/airflow/dags/dbt_workflow.py for tasks to queue
[2024-11-27T16:46:13.025+0000] {logging_mixin.py:151} INFO - [2024-11-27T16:46:13.025+0000] {dagbag.py:539} INFO - Filling up the DagBag from /opt/airflow/dags/dbt_workflow.py
[2024-11-27T16:46:13.053+0000] {processor.py:839} INFO - DAG(s) dict_keys(['dbt_workflow']) retrieved from /opt/airflow/dags/dbt_workflow.py
[2024-11-27T16:46:13.098+0000] {logging_mixin.py:151} INFO - [2024-11-27T16:46:13.097+0000] {dag.py:2915} INFO - Sync 1 DAGs
[2024-11-27T16:46:13.130+0000] {logging_mixin.py:151} INFO - [2024-11-27T16:46:13.129+0000] {dag.py:3696} INFO - Setting next_dagrun for dbt_workflow to 2024-11-26T00:00:00+00:00, run_after=2024-11-27T00:00:00+00:00
[2024-11-27T16:46:13.162+0000] {processor.py:179} INFO - Processing /opt/airflow/dags/dbt_workflow.py took 0.146 seconds
[2024-11-27T16:46:44.024+0000] {processor.py:157} INFO - Started process (PID=276) to work on /opt/airflow/dags/dbt_workflow.py
[2024-11-27T16:46:44.025+0000] {processor.py:829} INFO - Processing file /opt/airflow/dags/dbt_workflow.py for tasks to queue
[2024-11-27T16:46:44.026+0000] {logging_mixin.py:151} INFO - [2024-11-27T16:46:44.026+0000] {dagbag.py:539} INFO - Filling up the DagBag from /opt/airflow/dags/dbt_workflow.py
[2024-11-27T16:46:44.047+0000] {processor.py:839} INFO - DAG(s) dict_keys(['dbt_workflow']) retrieved from /opt/airflow/dags/dbt_workflow.py
[2024-11-27T16:46:44.076+0000] {logging_mixin.py:151} INFO - [2024-11-27T16:46:44.076+0000] {dag.py:2915} INFO - Sync 1 DAGs
[2024-11-27T16:46:44.098+0000] {logging_mixin.py:151} INFO - [2024-11-27T16:46:44.098+0000] {dag.py:3696} INFO - Setting next_dagrun for dbt_workflow to 2024-11-26T00:00:00+00:00, run_after=2024-11-27T00:00:00+00:00
[2024-11-27T16:46:44.116+0000] {processor.py:179} INFO - Processing /opt/airflow/dags/dbt_workflow.py took 0.094 seconds
[2024-11-27T16:47:15.095+0000] {processor.py:157} INFO - Started process (PID=281) to work on /opt/airflow/dags/dbt_workflow.py
[2024-11-27T16:47:15.096+0000] {processor.py:829} INFO - Processing file /opt/airflow/dags/dbt_workflow.py for tasks to queue
[2024-11-27T16:47:15.097+0000] {logging_mixin.py:151} INFO - [2024-11-27T16:47:15.097+0000] {dagbag.py:539} INFO - Filling up the DagBag from /opt/airflow/dags/dbt_workflow.py
[2024-11-27T16:47:15.139+0000] {processor.py:839} INFO - DAG(s) dict_keys(['dbt_workflow']) retrieved from /opt/airflow/dags/dbt_workflow.py
[2024-11-27T16:47:15.182+0000] {logging_mixin.py:151} INFO - [2024-11-27T16:47:15.181+0000] {dag.py:2915} INFO - Sync 1 DAGs
[2024-11-27T16:47:15.211+0000] {logging_mixin.py:151} INFO - [2024-11-27T16:47:15.210+0000] {dag.py:3696} INFO - Setting next_dagrun for dbt_workflow to 2024-11-26T00:00:00+00:00, run_after=2024-11-27T00:00:00+00:00
[2024-11-27T16:47:15.234+0000] {processor.py:179} INFO - Processing /opt/airflow/dags/dbt_workflow.py took 0.143 seconds
[2024-11-27T16:47:45.798+0000] {processor.py:157} INFO - Started process (PID=286) to work on /opt/airflow/dags/dbt_workflow.py
[2024-11-27T16:47:45.800+0000] {processor.py:829} INFO - Processing file /opt/airflow/dags/dbt_workflow.py for tasks to queue
[2024-11-27T16:47:45.800+0000] {logging_mixin.py:151} INFO - [2024-11-27T16:47:45.800+0000] {dagbag.py:539} INFO - Filling up the DagBag from /opt/airflow/dags/dbt_workflow.py
[2024-11-27T16:47:45.820+0000] {processor.py:839} INFO - DAG(s) dict_keys(['dbt_workflow']) retrieved from /opt/airflow/dags/dbt_workflow.py
[2024-11-27T16:47:45.855+0000] {logging_mixin.py:151} INFO - [2024-11-27T16:47:45.855+0000] {dag.py:2915} INFO - Sync 1 DAGs
[2024-11-27T16:47:45.879+0000] {logging_mixin.py:151} INFO - [2024-11-27T16:47:45.879+0000] {dag.py:3696} INFO - Setting next_dagrun for dbt_workflow to 2024-11-26T00:00:00+00:00, run_after=2024-11-27T00:00:00+00:00
[2024-11-27T16:47:45.900+0000] {processor.py:179} INFO - Processing /opt/airflow/dags/dbt_workflow.py took 0.106 seconds
[2024-11-27T16:48:16.505+0000] {processor.py:157} INFO - Started process (PID=291) to work on /opt/airflow/dags/dbt_workflow.py
[2024-11-27T16:48:16.507+0000] {processor.py:829} INFO - Processing file /opt/airflow/dags/dbt_workflow.py for tasks to queue
[2024-11-27T16:48:16.508+0000] {logging_mixin.py:151} INFO - [2024-11-27T16:48:16.508+0000] {dagbag.py:539} INFO - Filling up the DagBag from /opt/airflow/dags/dbt_workflow.py
[2024-11-27T16:48:16.528+0000] {processor.py:839} INFO - DAG(s) dict_keys(['dbt_workflow']) retrieved from /opt/airflow/dags/dbt_workflow.py
[2024-11-27T16:48:16.567+0000] {logging_mixin.py:151} INFO - [2024-11-27T16:48:16.566+0000] {dag.py:2915} INFO - Sync 1 DAGs
[2024-11-27T16:48:16.596+0000] {logging_mixin.py:151} INFO - [2024-11-27T16:48:16.595+0000] {dag.py:3696} INFO - Setting next_dagrun for dbt_workflow to 2024-11-26T00:00:00+00:00, run_after=2024-11-27T00:00:00+00:00
[2024-11-27T16:48:16.621+0000] {processor.py:179} INFO - Processing /opt/airflow/dags/dbt_workflow.py took 0.119 seconds
[2024-11-27T16:48:47.166+0000] {processor.py:157} INFO - Started process (PID=296) to work on /opt/airflow/dags/dbt_workflow.py
[2024-11-27T16:48:47.167+0000] {processor.py:829} INFO - Processing file /opt/airflow/dags/dbt_workflow.py for tasks to queue
[2024-11-27T16:48:47.168+0000] {logging_mixin.py:151} INFO - [2024-11-27T16:48:47.168+0000] {dagbag.py:539} INFO - Filling up the DagBag from /opt/airflow/dags/dbt_workflow.py
[2024-11-27T16:48:47.190+0000] {processor.py:839} INFO - DAG(s) dict_keys(['dbt_workflow']) retrieved from /opt/airflow/dags/dbt_workflow.py
[2024-11-27T16:48:47.226+0000] {logging_mixin.py:151} INFO - [2024-11-27T16:48:47.225+0000] {dag.py:2915} INFO - Sync 1 DAGs
[2024-11-27T16:48:47.272+0000] {logging_mixin.py:151} INFO - [2024-11-27T16:48:47.271+0000] {dag.py:3696} INFO - Setting next_dagrun for dbt_workflow to 2024-11-26T00:00:00+00:00, run_after=2024-11-27T00:00:00+00:00
[2024-11-27T16:48:47.302+0000] {processor.py:179} INFO - Processing /opt/airflow/dags/dbt_workflow.py took 0.139 seconds
