[2024-11-26T19:39:18.964+0000] {processor.py:157} INFO - Started process (PID=174) to work on /opt/airflow/dags/dbt_workflow.py
[2024-11-26T19:39:18.964+0000] {processor.py:829} INFO - Processing file /opt/airflow/dags/dbt_workflow.py for tasks to queue
[2024-11-26T19:39:18.965+0000] {logging_mixin.py:151} INFO - [2024-11-26T19:39:18.965+0000] {dagbag.py:539} INFO - Filling up the DagBag from /opt/airflow/dags/dbt_workflow.py
[2024-11-26T19:39:18.977+0000] {processor.py:839} INFO - DAG(s) dict_keys(['dbt_workflow']) retrieved from /opt/airflow/dags/dbt_workflow.py
[2024-11-26T19:39:18.996+0000] {logging_mixin.py:151} INFO - [2024-11-26T19:39:18.996+0000] {dag.py:2915} INFO - Sync 1 DAGs
[2024-11-26T19:39:19.013+0000] {logging_mixin.py:151} INFO - [2024-11-26T19:39:19.013+0000] {dag.py:3696} INFO - Setting next_dagrun for dbt_workflow to 2024-11-25T00:00:00+00:00, run_after=2024-11-26T00:00:00+00:00
[2024-11-26T19:39:19.027+0000] {processor.py:179} INFO - Processing /opt/airflow/dags/dbt_workflow.py took 0.065 seconds
[2024-11-26T19:39:49.107+0000] {processor.py:157} INFO - Started process (PID=221) to work on /opt/airflow/dags/dbt_workflow.py
[2024-11-26T19:39:49.108+0000] {processor.py:829} INFO - Processing file /opt/airflow/dags/dbt_workflow.py for tasks to queue
[2024-11-26T19:39:49.109+0000] {logging_mixin.py:151} INFO - [2024-11-26T19:39:49.108+0000] {dagbag.py:539} INFO - Filling up the DagBag from /opt/airflow/dags/dbt_workflow.py
[2024-11-26T19:39:49.123+0000] {processor.py:839} INFO - DAG(s) dict_keys(['dbt_workflow']) retrieved from /opt/airflow/dags/dbt_workflow.py
[2024-11-26T19:39:49.142+0000] {logging_mixin.py:151} INFO - [2024-11-26T19:39:49.142+0000] {dag.py:2915} INFO - Sync 1 DAGs
[2024-11-26T19:39:49.156+0000] {logging_mixin.py:151} INFO - [2024-11-26T19:39:49.156+0000] {dag.py:3696} INFO - Setting next_dagrun for dbt_workflow to 2024-11-25T00:00:00+00:00, run_after=2024-11-26T00:00:00+00:00
[2024-11-26T19:39:49.168+0000] {processor.py:179} INFO - Processing /opt/airflow/dags/dbt_workflow.py took 0.064 seconds
[2024-11-26T19:40:19.241+0000] {processor.py:157} INFO - Started process (PID=227) to work on /opt/airflow/dags/dbt_workflow.py
[2024-11-26T19:40:19.242+0000] {processor.py:829} INFO - Processing file /opt/airflow/dags/dbt_workflow.py for tasks to queue
[2024-11-26T19:40:19.243+0000] {logging_mixin.py:151} INFO - [2024-11-26T19:40:19.242+0000] {dagbag.py:539} INFO - Filling up the DagBag from /opt/airflow/dags/dbt_workflow.py
[2024-11-26T19:40:19.258+0000] {processor.py:839} INFO - DAG(s) dict_keys(['dbt_workflow']) retrieved from /opt/airflow/dags/dbt_workflow.py
[2024-11-26T19:40:19.277+0000] {logging_mixin.py:151} INFO - [2024-11-26T19:40:19.277+0000] {dag.py:2915} INFO - Sync 1 DAGs
[2024-11-26T19:40:19.291+0000] {logging_mixin.py:151} INFO - [2024-11-26T19:40:19.291+0000] {dag.py:3696} INFO - Setting next_dagrun for dbt_workflow to 2024-11-25T00:00:00+00:00, run_after=2024-11-26T00:00:00+00:00
[2024-11-26T19:40:19.301+0000] {processor.py:179} INFO - Processing /opt/airflow/dags/dbt_workflow.py took 0.063 seconds
[2024-11-26T19:40:49.352+0000] {processor.py:157} INFO - Started process (PID=232) to work on /opt/airflow/dags/dbt_workflow.py
[2024-11-26T19:40:49.353+0000] {processor.py:829} INFO - Processing file /opt/airflow/dags/dbt_workflow.py for tasks to queue
[2024-11-26T19:40:49.353+0000] {logging_mixin.py:151} INFO - [2024-11-26T19:40:49.353+0000] {dagbag.py:539} INFO - Filling up the DagBag from /opt/airflow/dags/dbt_workflow.py
[2024-11-26T19:40:49.367+0000] {processor.py:839} INFO - DAG(s) dict_keys(['dbt_workflow']) retrieved from /opt/airflow/dags/dbt_workflow.py
[2024-11-26T19:40:49.393+0000] {logging_mixin.py:151} INFO - [2024-11-26T19:40:49.393+0000] {dag.py:2915} INFO - Sync 1 DAGs
[2024-11-26T19:40:49.408+0000] {logging_mixin.py:151} INFO - [2024-11-26T19:40:49.408+0000] {dag.py:3696} INFO - Setting next_dagrun for dbt_workflow to 2024-11-25T00:00:00+00:00, run_after=2024-11-26T00:00:00+00:00
[2024-11-26T19:40:49.421+0000] {processor.py:179} INFO - Processing /opt/airflow/dags/dbt_workflow.py took 0.070 seconds
[2024-11-26T19:41:19.487+0000] {processor.py:157} INFO - Started process (PID=237) to work on /opt/airflow/dags/dbt_workflow.py
[2024-11-26T19:41:19.488+0000] {processor.py:829} INFO - Processing file /opt/airflow/dags/dbt_workflow.py for tasks to queue
[2024-11-26T19:41:19.488+0000] {logging_mixin.py:151} INFO - [2024-11-26T19:41:19.488+0000] {dagbag.py:539} INFO - Filling up the DagBag from /opt/airflow/dags/dbt_workflow.py
[2024-11-26T19:41:19.502+0000] {processor.py:839} INFO - DAG(s) dict_keys(['dbt_workflow']) retrieved from /opt/airflow/dags/dbt_workflow.py
[2024-11-26T19:41:19.523+0000] {logging_mixin.py:151} INFO - [2024-11-26T19:41:19.523+0000] {dag.py:2915} INFO - Sync 1 DAGs
[2024-11-26T19:41:19.657+0000] {logging_mixin.py:151} INFO - [2024-11-26T19:41:19.657+0000] {dag.py:3696} INFO - Setting next_dagrun for dbt_workflow to 2024-11-25T00:00:00+00:00, run_after=2024-11-26T00:00:00+00:00
[2024-11-26T19:41:19.670+0000] {processor.py:179} INFO - Processing /opt/airflow/dags/dbt_workflow.py took 0.185 seconds
[2024-11-26T19:41:49.775+0000] {processor.py:157} INFO - Started process (PID=242) to work on /opt/airflow/dags/dbt_workflow.py
[2024-11-26T19:41:49.776+0000] {processor.py:829} INFO - Processing file /opt/airflow/dags/dbt_workflow.py for tasks to queue
[2024-11-26T19:41:49.777+0000] {logging_mixin.py:151} INFO - [2024-11-26T19:41:49.776+0000] {dagbag.py:539} INFO - Filling up the DagBag from /opt/airflow/dags/dbt_workflow.py
[2024-11-26T19:41:49.791+0000] {processor.py:839} INFO - DAG(s) dict_keys(['dbt_workflow']) retrieved from /opt/airflow/dags/dbt_workflow.py
[2024-11-26T19:41:49.817+0000] {logging_mixin.py:151} INFO - [2024-11-26T19:41:49.816+0000] {dag.py:2915} INFO - Sync 1 DAGs
[2024-11-26T19:41:49.940+0000] {logging_mixin.py:151} INFO - [2024-11-26T19:41:49.940+0000] {dag.py:3696} INFO - Setting next_dagrun for dbt_workflow to 2024-11-25T00:00:00+00:00, run_after=2024-11-26T00:00:00+00:00
[2024-11-26T19:41:49.951+0000] {processor.py:179} INFO - Processing /opt/airflow/dags/dbt_workflow.py took 0.179 seconds
[2024-11-26T19:42:20.058+0000] {processor.py:157} INFO - Started process (PID=247) to work on /opt/airflow/dags/dbt_workflow.py
[2024-11-26T19:42:20.059+0000] {processor.py:829} INFO - Processing file /opt/airflow/dags/dbt_workflow.py for tasks to queue
[2024-11-26T19:42:20.060+0000] {logging_mixin.py:151} INFO - [2024-11-26T19:42:20.059+0000] {dagbag.py:539} INFO - Filling up the DagBag from /opt/airflow/dags/dbt_workflow.py
[2024-11-26T19:42:20.075+0000] {processor.py:839} INFO - DAG(s) dict_keys(['dbt_workflow']) retrieved from /opt/airflow/dags/dbt_workflow.py
[2024-11-26T19:42:20.224+0000] {logging_mixin.py:151} INFO - [2024-11-26T19:42:20.224+0000] {dag.py:2915} INFO - Sync 1 DAGs
[2024-11-26T19:42:20.249+0000] {logging_mixin.py:151} INFO - [2024-11-26T19:42:20.249+0000] {dag.py:3696} INFO - Setting next_dagrun for dbt_workflow to 2024-11-25T00:00:00+00:00, run_after=2024-11-26T00:00:00+00:00
[2024-11-26T19:42:20.267+0000] {processor.py:179} INFO - Processing /opt/airflow/dags/dbt_workflow.py took 0.212 seconds
[2024-11-26T19:42:50.370+0000] {processor.py:157} INFO - Started process (PID=252) to work on /opt/airflow/dags/dbt_workflow.py
[2024-11-26T19:42:50.370+0000] {processor.py:829} INFO - Processing file /opt/airflow/dags/dbt_workflow.py for tasks to queue
[2024-11-26T19:42:50.371+0000] {logging_mixin.py:151} INFO - [2024-11-26T19:42:50.371+0000] {dagbag.py:539} INFO - Filling up the DagBag from /opt/airflow/dags/dbt_workflow.py
[2024-11-26T19:42:50.487+0000] {processor.py:839} INFO - DAG(s) dict_keys(['dbt_workflow']) retrieved from /opt/airflow/dags/dbt_workflow.py
[2024-11-26T19:42:50.505+0000] {logging_mixin.py:151} INFO - [2024-11-26T19:42:50.504+0000] {dag.py:2915} INFO - Sync 1 DAGs
[2024-11-26T19:42:50.518+0000] {logging_mixin.py:151} INFO - [2024-11-26T19:42:50.518+0000] {dag.py:3696} INFO - Setting next_dagrun for dbt_workflow to 2024-11-25T00:00:00+00:00, run_after=2024-11-26T00:00:00+00:00
[2024-11-26T19:42:50.528+0000] {processor.py:179} INFO - Processing /opt/airflow/dags/dbt_workflow.py took 0.161 seconds
[2024-11-26T19:43:20.742+0000] {processor.py:157} INFO - Started process (PID=257) to work on /opt/airflow/dags/dbt_workflow.py
[2024-11-26T19:43:20.743+0000] {processor.py:829} INFO - Processing file /opt/airflow/dags/dbt_workflow.py for tasks to queue
[2024-11-26T19:43:20.743+0000] {logging_mixin.py:151} INFO - [2024-11-26T19:43:20.743+0000] {dagbag.py:539} INFO - Filling up the DagBag from /opt/airflow/dags/dbt_workflow.py
[2024-11-26T19:43:20.758+0000] {processor.py:839} INFO - DAG(s) dict_keys(['dbt_workflow']) retrieved from /opt/airflow/dags/dbt_workflow.py
[2024-11-26T19:43:20.782+0000] {logging_mixin.py:151} INFO - [2024-11-26T19:43:20.782+0000] {dag.py:2915} INFO - Sync 1 DAGs
[2024-11-26T19:43:20.800+0000] {logging_mixin.py:151} INFO - [2024-11-26T19:43:20.800+0000] {dag.py:3696} INFO - Setting next_dagrun for dbt_workflow to 2024-11-25T00:00:00+00:00, run_after=2024-11-26T00:00:00+00:00
[2024-11-26T19:43:20.817+0000] {processor.py:179} INFO - Processing /opt/airflow/dags/dbt_workflow.py took 0.078 seconds
[2024-11-26T19:43:50.910+0000] {processor.py:157} INFO - Started process (PID=262) to work on /opt/airflow/dags/dbt_workflow.py
[2024-11-26T19:43:50.911+0000] {processor.py:829} INFO - Processing file /opt/airflow/dags/dbt_workflow.py for tasks to queue
[2024-11-26T19:43:50.911+0000] {logging_mixin.py:151} INFO - [2024-11-26T19:43:50.911+0000] {dagbag.py:539} INFO - Filling up the DagBag from /opt/airflow/dags/dbt_workflow.py
[2024-11-26T19:43:50.928+0000] {processor.py:839} INFO - DAG(s) dict_keys(['dbt_workflow']) retrieved from /opt/airflow/dags/dbt_workflow.py
[2024-11-26T19:43:50.952+0000] {logging_mixin.py:151} INFO - [2024-11-26T19:43:50.952+0000] {dag.py:2915} INFO - Sync 1 DAGs
[2024-11-26T19:43:50.972+0000] {logging_mixin.py:151} INFO - [2024-11-26T19:43:50.972+0000] {dag.py:3696} INFO - Setting next_dagrun for dbt_workflow to 2024-11-25T00:00:00+00:00, run_after=2024-11-26T00:00:00+00:00
[2024-11-26T19:43:50.983+0000] {processor.py:179} INFO - Processing /opt/airflow/dags/dbt_workflow.py took 0.075 seconds
[2024-11-26T19:44:21.044+0000] {processor.py:157} INFO - Started process (PID=267) to work on /opt/airflow/dags/dbt_workflow.py
[2024-11-26T19:44:21.046+0000] {processor.py:829} INFO - Processing file /opt/airflow/dags/dbt_workflow.py for tasks to queue
[2024-11-26T19:44:21.046+0000] {logging_mixin.py:151} INFO - [2024-11-26T19:44:21.046+0000] {dagbag.py:539} INFO - Filling up the DagBag from /opt/airflow/dags/dbt_workflow.py
[2024-11-26T19:44:21.061+0000] {processor.py:839} INFO - DAG(s) dict_keys(['dbt_workflow']) retrieved from /opt/airflow/dags/dbt_workflow.py
[2024-11-26T19:44:21.085+0000] {logging_mixin.py:151} INFO - [2024-11-26T19:44:21.084+0000] {dag.py:2915} INFO - Sync 1 DAGs
[2024-11-26T19:44:21.099+0000] {logging_mixin.py:151} INFO - [2024-11-26T19:44:21.099+0000] {dag.py:3696} INFO - Setting next_dagrun for dbt_workflow to 2024-11-25T00:00:00+00:00, run_after=2024-11-26T00:00:00+00:00
[2024-11-26T19:44:21.113+0000] {processor.py:179} INFO - Processing /opt/airflow/dags/dbt_workflow.py took 0.073 seconds
[2024-11-26T19:44:51.219+0000] {processor.py:157} INFO - Started process (PID=272) to work on /opt/airflow/dags/dbt_workflow.py
[2024-11-26T19:44:51.220+0000] {processor.py:829} INFO - Processing file /opt/airflow/dags/dbt_workflow.py for tasks to queue
[2024-11-26T19:44:51.220+0000] {logging_mixin.py:151} INFO - [2024-11-26T19:44:51.220+0000] {dagbag.py:539} INFO - Filling up the DagBag from /opt/airflow/dags/dbt_workflow.py
[2024-11-26T19:44:51.235+0000] {processor.py:839} INFO - DAG(s) dict_keys(['dbt_workflow']) retrieved from /opt/airflow/dags/dbt_workflow.py
[2024-11-26T19:44:51.256+0000] {logging_mixin.py:151} INFO - [2024-11-26T19:44:51.256+0000] {dag.py:2915} INFO - Sync 1 DAGs
[2024-11-26T19:44:51.272+0000] {logging_mixin.py:151} INFO - [2024-11-26T19:44:51.271+0000] {dag.py:3696} INFO - Setting next_dagrun for dbt_workflow to 2024-11-25T00:00:00+00:00, run_after=2024-11-26T00:00:00+00:00
[2024-11-26T19:44:51.283+0000] {processor.py:179} INFO - Processing /opt/airflow/dags/dbt_workflow.py took 0.068 seconds
[2024-11-26T19:45:21.386+0000] {processor.py:157} INFO - Started process (PID=277) to work on /opt/airflow/dags/dbt_workflow.py
[2024-11-26T19:45:21.386+0000] {processor.py:829} INFO - Processing file /opt/airflow/dags/dbt_workflow.py for tasks to queue
[2024-11-26T19:45:21.387+0000] {logging_mixin.py:151} INFO - [2024-11-26T19:45:21.387+0000] {dagbag.py:539} INFO - Filling up the DagBag from /opt/airflow/dags/dbt_workflow.py
[2024-11-26T19:45:21.399+0000] {processor.py:839} INFO - DAG(s) dict_keys(['dbt_workflow']) retrieved from /opt/airflow/dags/dbt_workflow.py
[2024-11-26T19:45:21.420+0000] {logging_mixin.py:151} INFO - [2024-11-26T19:45:21.420+0000] {dag.py:2915} INFO - Sync 1 DAGs
[2024-11-26T19:45:21.434+0000] {logging_mixin.py:151} INFO - [2024-11-26T19:45:21.434+0000] {dag.py:3696} INFO - Setting next_dagrun for dbt_workflow to 2024-11-25T00:00:00+00:00, run_after=2024-11-26T00:00:00+00:00
[2024-11-26T19:45:21.445+0000] {processor.py:179} INFO - Processing /opt/airflow/dags/dbt_workflow.py took 0.060 seconds
[2024-11-26T19:45:51.546+0000] {processor.py:157} INFO - Started process (PID=282) to work on /opt/airflow/dags/dbt_workflow.py
[2024-11-26T19:45:51.546+0000] {processor.py:829} INFO - Processing file /opt/airflow/dags/dbt_workflow.py for tasks to queue
[2024-11-26T19:45:51.547+0000] {logging_mixin.py:151} INFO - [2024-11-26T19:45:51.547+0000] {dagbag.py:539} INFO - Filling up the DagBag from /opt/airflow/dags/dbt_workflow.py
[2024-11-26T19:45:51.560+0000] {processor.py:839} INFO - DAG(s) dict_keys(['dbt_workflow']) retrieved from /opt/airflow/dags/dbt_workflow.py
[2024-11-26T19:45:51.579+0000] {logging_mixin.py:151} INFO - [2024-11-26T19:45:51.579+0000] {dag.py:2915} INFO - Sync 1 DAGs
[2024-11-26T19:45:51.596+0000] {logging_mixin.py:151} INFO - [2024-11-26T19:45:51.596+0000] {dag.py:3696} INFO - Setting next_dagrun for dbt_workflow to 2024-11-25T00:00:00+00:00, run_after=2024-11-26T00:00:00+00:00
[2024-11-26T19:45:51.608+0000] {processor.py:179} INFO - Processing /opt/airflow/dags/dbt_workflow.py took 0.064 seconds
[2024-11-26T19:46:21.741+0000] {processor.py:157} INFO - Started process (PID=287) to work on /opt/airflow/dags/dbt_workflow.py
[2024-11-26T19:46:21.742+0000] {processor.py:829} INFO - Processing file /opt/airflow/dags/dbt_workflow.py for tasks to queue
[2024-11-26T19:46:21.743+0000] {logging_mixin.py:151} INFO - [2024-11-26T19:46:21.743+0000] {dagbag.py:539} INFO - Filling up the DagBag from /opt/airflow/dags/dbt_workflow.py
[2024-11-26T19:46:21.759+0000] {processor.py:839} INFO - DAG(s) dict_keys(['dbt_workflow']) retrieved from /opt/airflow/dags/dbt_workflow.py
[2024-11-26T19:46:21.786+0000] {logging_mixin.py:151} INFO - [2024-11-26T19:46:21.786+0000] {dag.py:2915} INFO - Sync 1 DAGs
[2024-11-26T19:46:21.804+0000] {logging_mixin.py:151} INFO - [2024-11-26T19:46:21.804+0000] {dag.py:3696} INFO - Setting next_dagrun for dbt_workflow to 2024-11-25T00:00:00+00:00, run_after=2024-11-26T00:00:00+00:00
[2024-11-26T19:46:21.816+0000] {processor.py:179} INFO - Processing /opt/airflow/dags/dbt_workflow.py took 0.078 seconds
[2024-11-26T19:46:51.873+0000] {processor.py:157} INFO - Started process (PID=292) to work on /opt/airflow/dags/dbt_workflow.py
[2024-11-26T19:46:51.874+0000] {processor.py:829} INFO - Processing file /opt/airflow/dags/dbt_workflow.py for tasks to queue
[2024-11-26T19:46:51.875+0000] {logging_mixin.py:151} INFO - [2024-11-26T19:46:51.874+0000] {dagbag.py:539} INFO - Filling up the DagBag from /opt/airflow/dags/dbt_workflow.py
[2024-11-26T19:46:51.889+0000] {processor.py:839} INFO - DAG(s) dict_keys(['dbt_workflow']) retrieved from /opt/airflow/dags/dbt_workflow.py
[2024-11-26T19:46:51.910+0000] {logging_mixin.py:151} INFO - [2024-11-26T19:46:51.910+0000] {dag.py:2915} INFO - Sync 1 DAGs
[2024-11-26T19:46:51.925+0000] {logging_mixin.py:151} INFO - [2024-11-26T19:46:51.924+0000] {dag.py:3696} INFO - Setting next_dagrun for dbt_workflow to 2024-11-25T00:00:00+00:00, run_after=2024-11-26T00:00:00+00:00
[2024-11-26T19:46:51.937+0000] {processor.py:179} INFO - Processing /opt/airflow/dags/dbt_workflow.py took 0.066 seconds
[2024-11-26T19:47:22.002+0000] {processor.py:157} INFO - Started process (PID=297) to work on /opt/airflow/dags/dbt_workflow.py
[2024-11-26T19:47:22.003+0000] {processor.py:829} INFO - Processing file /opt/airflow/dags/dbt_workflow.py for tasks to queue
[2024-11-26T19:47:22.003+0000] {logging_mixin.py:151} INFO - [2024-11-26T19:47:22.003+0000] {dagbag.py:539} INFO - Filling up the DagBag from /opt/airflow/dags/dbt_workflow.py
[2024-11-26T19:47:22.016+0000] {processor.py:839} INFO - DAG(s) dict_keys(['dbt_workflow']) retrieved from /opt/airflow/dags/dbt_workflow.py
[2024-11-26T19:47:22.034+0000] {logging_mixin.py:151} INFO - [2024-11-26T19:47:22.034+0000] {dag.py:2915} INFO - Sync 1 DAGs
[2024-11-26T19:47:22.048+0000] {logging_mixin.py:151} INFO - [2024-11-26T19:47:22.048+0000] {dag.py:3696} INFO - Setting next_dagrun for dbt_workflow to 2024-11-25T00:00:00+00:00, run_after=2024-11-26T00:00:00+00:00
[2024-11-26T19:47:22.060+0000] {processor.py:179} INFO - Processing /opt/airflow/dags/dbt_workflow.py took 0.059 seconds
[2024-11-26T19:47:52.101+0000] {processor.py:157} INFO - Started process (PID=302) to work on /opt/airflow/dags/dbt_workflow.py
[2024-11-26T19:47:52.102+0000] {processor.py:829} INFO - Processing file /opt/airflow/dags/dbt_workflow.py for tasks to queue
[2024-11-26T19:47:52.103+0000] {logging_mixin.py:151} INFO - [2024-11-26T19:47:52.102+0000] {dagbag.py:539} INFO - Filling up the DagBag from /opt/airflow/dags/dbt_workflow.py
[2024-11-26T19:47:52.117+0000] {processor.py:839} INFO - DAG(s) dict_keys(['dbt_workflow']) retrieved from /opt/airflow/dags/dbt_workflow.py
[2024-11-26T19:47:52.140+0000] {logging_mixin.py:151} INFO - [2024-11-26T19:47:52.139+0000] {dag.py:2915} INFO - Sync 1 DAGs
[2024-11-26T19:47:52.157+0000] {logging_mixin.py:151} INFO - [2024-11-26T19:47:52.157+0000] {dag.py:3696} INFO - Setting next_dagrun for dbt_workflow to 2024-11-25T00:00:00+00:00, run_after=2024-11-26T00:00:00+00:00
[2024-11-26T19:47:52.173+0000] {processor.py:179} INFO - Processing /opt/airflow/dags/dbt_workflow.py took 0.074 seconds
[2024-11-26T19:48:22.280+0000] {processor.py:157} INFO - Started process (PID=307) to work on /opt/airflow/dags/dbt_workflow.py
[2024-11-26T19:48:22.280+0000] {processor.py:829} INFO - Processing file /opt/airflow/dags/dbt_workflow.py for tasks to queue
[2024-11-26T19:48:22.281+0000] {logging_mixin.py:151} INFO - [2024-11-26T19:48:22.281+0000] {dagbag.py:539} INFO - Filling up the DagBag from /opt/airflow/dags/dbt_workflow.py
[2024-11-26T19:48:22.293+0000] {processor.py:839} INFO - DAG(s) dict_keys(['dbt_workflow']) retrieved from /opt/airflow/dags/dbt_workflow.py
[2024-11-26T19:48:22.312+0000] {logging_mixin.py:151} INFO - [2024-11-26T19:48:22.312+0000] {dag.py:2915} INFO - Sync 1 DAGs
[2024-11-26T19:48:22.327+0000] {logging_mixin.py:151} INFO - [2024-11-26T19:48:22.327+0000] {dag.py:3696} INFO - Setting next_dagrun for dbt_workflow to 2024-11-25T00:00:00+00:00, run_after=2024-11-26T00:00:00+00:00
[2024-11-26T19:48:22.338+0000] {processor.py:179} INFO - Processing /opt/airflow/dags/dbt_workflow.py took 0.061 seconds
[2024-11-26T19:48:52.444+0000] {processor.py:157} INFO - Started process (PID=312) to work on /opt/airflow/dags/dbt_workflow.py
[2024-11-26T19:48:52.445+0000] {processor.py:829} INFO - Processing file /opt/airflow/dags/dbt_workflow.py for tasks to queue
[2024-11-26T19:48:52.446+0000] {logging_mixin.py:151} INFO - [2024-11-26T19:48:52.446+0000] {dagbag.py:539} INFO - Filling up the DagBag from /opt/airflow/dags/dbt_workflow.py
[2024-11-26T19:48:52.462+0000] {processor.py:839} INFO - DAG(s) dict_keys(['dbt_workflow']) retrieved from /opt/airflow/dags/dbt_workflow.py
[2024-11-26T19:48:52.486+0000] {logging_mixin.py:151} INFO - [2024-11-26T19:48:52.486+0000] {dag.py:2915} INFO - Sync 1 DAGs
[2024-11-26T19:48:52.507+0000] {logging_mixin.py:151} INFO - [2024-11-26T19:48:52.507+0000] {dag.py:3696} INFO - Setting next_dagrun for dbt_workflow to 2024-11-25T00:00:00+00:00, run_after=2024-11-26T00:00:00+00:00
[2024-11-26T19:48:52.525+0000] {processor.py:179} INFO - Processing /opt/airflow/dags/dbt_workflow.py took 0.083 seconds
[2024-11-26T19:49:22.659+0000] {processor.py:157} INFO - Started process (PID=317) to work on /opt/airflow/dags/dbt_workflow.py
[2024-11-26T19:49:22.660+0000] {processor.py:829} INFO - Processing file /opt/airflow/dags/dbt_workflow.py for tasks to queue
[2024-11-26T19:49:22.661+0000] {logging_mixin.py:151} INFO - [2024-11-26T19:49:22.660+0000] {dagbag.py:539} INFO - Filling up the DagBag from /opt/airflow/dags/dbt_workflow.py
[2024-11-26T19:49:22.677+0000] {processor.py:839} INFO - DAG(s) dict_keys(['dbt_workflow']) retrieved from /opt/airflow/dags/dbt_workflow.py
[2024-11-26T19:49:22.698+0000] {logging_mixin.py:151} INFO - [2024-11-26T19:49:22.698+0000] {dag.py:2915} INFO - Sync 1 DAGs
[2024-11-26T19:49:22.712+0000] {logging_mixin.py:151} INFO - [2024-11-26T19:49:22.712+0000] {dag.py:3696} INFO - Setting next_dagrun for dbt_workflow to 2024-11-25T00:00:00+00:00, run_after=2024-11-26T00:00:00+00:00
[2024-11-26T19:49:22.724+0000] {processor.py:179} INFO - Processing /opt/airflow/dags/dbt_workflow.py took 0.068 seconds
[2024-11-26T19:49:52.762+0000] {processor.py:157} INFO - Started process (PID=322) to work on /opt/airflow/dags/dbt_workflow.py
[2024-11-26T19:49:52.763+0000] {processor.py:829} INFO - Processing file /opt/airflow/dags/dbt_workflow.py for tasks to queue
[2024-11-26T19:49:52.763+0000] {logging_mixin.py:151} INFO - [2024-11-26T19:49:52.763+0000] {dagbag.py:539} INFO - Filling up the DagBag from /opt/airflow/dags/dbt_workflow.py
[2024-11-26T19:49:52.782+0000] {processor.py:839} INFO - DAG(s) dict_keys(['dbt_workflow']) retrieved from /opt/airflow/dags/dbt_workflow.py
[2024-11-26T19:49:52.811+0000] {logging_mixin.py:151} INFO - [2024-11-26T19:49:52.811+0000] {dag.py:2915} INFO - Sync 1 DAGs
[2024-11-26T19:49:52.826+0000] {logging_mixin.py:151} INFO - [2024-11-26T19:49:52.826+0000] {dag.py:3696} INFO - Setting next_dagrun for dbt_workflow to 2024-11-25T00:00:00+00:00, run_after=2024-11-26T00:00:00+00:00
[2024-11-26T19:49:52.839+0000] {processor.py:179} INFO - Processing /opt/airflow/dags/dbt_workflow.py took 0.080 seconds
[2024-11-26T19:50:22.909+0000] {processor.py:157} INFO - Started process (PID=327) to work on /opt/airflow/dags/dbt_workflow.py
[2024-11-26T19:50:22.910+0000] {processor.py:829} INFO - Processing file /opt/airflow/dags/dbt_workflow.py for tasks to queue
[2024-11-26T19:50:22.910+0000] {logging_mixin.py:151} INFO - [2024-11-26T19:50:22.910+0000] {dagbag.py:539} INFO - Filling up the DagBag from /opt/airflow/dags/dbt_workflow.py
[2024-11-26T19:50:22.925+0000] {processor.py:839} INFO - DAG(s) dict_keys(['dbt_workflow']) retrieved from /opt/airflow/dags/dbt_workflow.py
[2024-11-26T19:50:22.946+0000] {logging_mixin.py:151} INFO - [2024-11-26T19:50:22.946+0000] {dag.py:2915} INFO - Sync 1 DAGs
[2024-11-26T19:50:22.961+0000] {logging_mixin.py:151} INFO - [2024-11-26T19:50:22.961+0000] {dag.py:3696} INFO - Setting next_dagrun for dbt_workflow to 2024-11-25T00:00:00+00:00, run_after=2024-11-26T00:00:00+00:00
[2024-11-26T19:50:22.979+0000] {processor.py:179} INFO - Processing /opt/airflow/dags/dbt_workflow.py took 0.071 seconds
[2024-11-26T19:50:53.095+0000] {processor.py:157} INFO - Started process (PID=332) to work on /opt/airflow/dags/dbt_workflow.py
[2024-11-26T19:50:53.096+0000] {processor.py:829} INFO - Processing file /opt/airflow/dags/dbt_workflow.py for tasks to queue
[2024-11-26T19:50:53.097+0000] {logging_mixin.py:151} INFO - [2024-11-26T19:50:53.096+0000] {dagbag.py:539} INFO - Filling up the DagBag from /opt/airflow/dags/dbt_workflow.py
[2024-11-26T19:50:53.110+0000] {processor.py:839} INFO - DAG(s) dict_keys(['dbt_workflow']) retrieved from /opt/airflow/dags/dbt_workflow.py
[2024-11-26T19:50:53.132+0000] {logging_mixin.py:151} INFO - [2024-11-26T19:50:53.132+0000] {dag.py:2915} INFO - Sync 1 DAGs
[2024-11-26T19:50:53.148+0000] {logging_mixin.py:151} INFO - [2024-11-26T19:50:53.148+0000] {dag.py:3696} INFO - Setting next_dagrun for dbt_workflow to 2024-11-25T00:00:00+00:00, run_after=2024-11-26T00:00:00+00:00
[2024-11-26T19:50:53.162+0000] {processor.py:179} INFO - Processing /opt/airflow/dags/dbt_workflow.py took 0.068 seconds
[2024-11-26T19:51:23.225+0000] {processor.py:157} INFO - Started process (PID=337) to work on /opt/airflow/dags/dbt_workflow.py
[2024-11-26T19:51:23.226+0000] {processor.py:829} INFO - Processing file /opt/airflow/dags/dbt_workflow.py for tasks to queue
[2024-11-26T19:51:23.227+0000] {logging_mixin.py:151} INFO - [2024-11-26T19:51:23.226+0000] {dagbag.py:539} INFO - Filling up the DagBag from /opt/airflow/dags/dbt_workflow.py
[2024-11-26T19:51:23.246+0000] {processor.py:839} INFO - DAG(s) dict_keys(['dbt_workflow']) retrieved from /opt/airflow/dags/dbt_workflow.py
[2024-11-26T19:51:23.272+0000] {logging_mixin.py:151} INFO - [2024-11-26T19:51:23.272+0000] {dag.py:2915} INFO - Sync 1 DAGs
[2024-11-26T19:51:23.293+0000] {logging_mixin.py:151} INFO - [2024-11-26T19:51:23.292+0000] {dag.py:3696} INFO - Setting next_dagrun for dbt_workflow to 2024-11-25T00:00:00+00:00, run_after=2024-11-26T00:00:00+00:00
[2024-11-26T19:51:23.308+0000] {processor.py:179} INFO - Processing /opt/airflow/dags/dbt_workflow.py took 0.085 seconds
[2024-11-26T19:51:53.381+0000] {processor.py:157} INFO - Started process (PID=342) to work on /opt/airflow/dags/dbt_workflow.py
[2024-11-26T19:51:53.382+0000] {processor.py:829} INFO - Processing file /opt/airflow/dags/dbt_workflow.py for tasks to queue
[2024-11-26T19:51:53.382+0000] {logging_mixin.py:151} INFO - [2024-11-26T19:51:53.382+0000] {dagbag.py:539} INFO - Filling up the DagBag from /opt/airflow/dags/dbt_workflow.py
[2024-11-26T19:51:53.397+0000] {processor.py:839} INFO - DAG(s) dict_keys(['dbt_workflow']) retrieved from /opt/airflow/dags/dbt_workflow.py
[2024-11-26T19:51:53.420+0000] {logging_mixin.py:151} INFO - [2024-11-26T19:51:53.420+0000] {dag.py:2915} INFO - Sync 1 DAGs
[2024-11-26T19:51:53.441+0000] {logging_mixin.py:151} INFO - [2024-11-26T19:51:53.440+0000] {dag.py:3696} INFO - Setting next_dagrun for dbt_workflow to 2024-11-25T00:00:00+00:00, run_after=2024-11-26T00:00:00+00:00
[2024-11-26T19:51:53.461+0000] {processor.py:179} INFO - Processing /opt/airflow/dags/dbt_workflow.py took 0.082 seconds
[2024-11-26T19:52:23.540+0000] {processor.py:157} INFO - Started process (PID=347) to work on /opt/airflow/dags/dbt_workflow.py
[2024-11-26T19:52:23.541+0000] {processor.py:829} INFO - Processing file /opt/airflow/dags/dbt_workflow.py for tasks to queue
[2024-11-26T19:52:23.542+0000] {logging_mixin.py:151} INFO - [2024-11-26T19:52:23.541+0000] {dagbag.py:539} INFO - Filling up the DagBag from /opt/airflow/dags/dbt_workflow.py
[2024-11-26T19:52:23.556+0000] {processor.py:839} INFO - DAG(s) dict_keys(['dbt_workflow']) retrieved from /opt/airflow/dags/dbt_workflow.py
[2024-11-26T19:52:23.579+0000] {logging_mixin.py:151} INFO - [2024-11-26T19:52:23.578+0000] {dag.py:2915} INFO - Sync 1 DAGs
[2024-11-26T19:52:23.597+0000] {logging_mixin.py:151} INFO - [2024-11-26T19:52:23.597+0000] {dag.py:3696} INFO - Setting next_dagrun for dbt_workflow to 2024-11-25T00:00:00+00:00, run_after=2024-11-26T00:00:00+00:00
[2024-11-26T19:52:23.613+0000] {processor.py:179} INFO - Processing /opt/airflow/dags/dbt_workflow.py took 0.076 seconds
[2024-11-26T19:52:53.661+0000] {processor.py:157} INFO - Started process (PID=352) to work on /opt/airflow/dags/dbt_workflow.py
[2024-11-26T19:52:53.662+0000] {processor.py:829} INFO - Processing file /opt/airflow/dags/dbt_workflow.py for tasks to queue
[2024-11-26T19:52:53.663+0000] {logging_mixin.py:151} INFO - [2024-11-26T19:52:53.662+0000] {dagbag.py:539} INFO - Filling up the DagBag from /opt/airflow/dags/dbt_workflow.py
[2024-11-26T19:52:53.676+0000] {processor.py:839} INFO - DAG(s) dict_keys(['dbt_workflow']) retrieved from /opt/airflow/dags/dbt_workflow.py
[2024-11-26T19:52:53.700+0000] {logging_mixin.py:151} INFO - [2024-11-26T19:52:53.699+0000] {dag.py:2915} INFO - Sync 1 DAGs
[2024-11-26T19:52:53.718+0000] {logging_mixin.py:151} INFO - [2024-11-26T19:52:53.718+0000] {dag.py:3696} INFO - Setting next_dagrun for dbt_workflow to 2024-11-25T00:00:00+00:00, run_after=2024-11-26T00:00:00+00:00
[2024-11-26T19:52:53.736+0000] {processor.py:179} INFO - Processing /opt/airflow/dags/dbt_workflow.py took 0.077 seconds
[2024-11-26T19:53:23.800+0000] {processor.py:157} INFO - Started process (PID=357) to work on /opt/airflow/dags/dbt_workflow.py
[2024-11-26T19:53:23.801+0000] {processor.py:829} INFO - Processing file /opt/airflow/dags/dbt_workflow.py for tasks to queue
[2024-11-26T19:53:23.801+0000] {logging_mixin.py:151} INFO - [2024-11-26T19:53:23.801+0000] {dagbag.py:539} INFO - Filling up the DagBag from /opt/airflow/dags/dbt_workflow.py
[2024-11-26T19:53:23.813+0000] {processor.py:839} INFO - DAG(s) dict_keys(['dbt_workflow']) retrieved from /opt/airflow/dags/dbt_workflow.py
[2024-11-26T19:53:23.832+0000] {logging_mixin.py:151} INFO - [2024-11-26T19:53:23.832+0000] {dag.py:2915} INFO - Sync 1 DAGs
[2024-11-26T19:53:23.847+0000] {logging_mixin.py:151} INFO - [2024-11-26T19:53:23.847+0000] {dag.py:3696} INFO - Setting next_dagrun for dbt_workflow to 2024-11-25T00:00:00+00:00, run_after=2024-11-26T00:00:00+00:00
[2024-11-26T19:53:23.861+0000] {processor.py:179} INFO - Processing /opt/airflow/dags/dbt_workflow.py took 0.063 seconds
[2024-11-26T19:53:53.900+0000] {processor.py:157} INFO - Started process (PID=362) to work on /opt/airflow/dags/dbt_workflow.py
[2024-11-26T19:53:53.901+0000] {processor.py:829} INFO - Processing file /opt/airflow/dags/dbt_workflow.py for tasks to queue
[2024-11-26T19:53:53.902+0000] {logging_mixin.py:151} INFO - [2024-11-26T19:53:53.901+0000] {dagbag.py:539} INFO - Filling up the DagBag from /opt/airflow/dags/dbt_workflow.py
[2024-11-26T19:53:53.915+0000] {processor.py:839} INFO - DAG(s) dict_keys(['dbt_workflow']) retrieved from /opt/airflow/dags/dbt_workflow.py
[2024-11-26T19:53:53.940+0000] {logging_mixin.py:151} INFO - [2024-11-26T19:53:53.940+0000] {dag.py:2915} INFO - Sync 1 DAGs
[2024-11-26T19:53:53.954+0000] {logging_mixin.py:151} INFO - [2024-11-26T19:53:53.954+0000] {dag.py:3696} INFO - Setting next_dagrun for dbt_workflow to 2024-11-25T00:00:00+00:00, run_after=2024-11-26T00:00:00+00:00
[2024-11-26T19:53:53.965+0000] {processor.py:179} INFO - Processing /opt/airflow/dags/dbt_workflow.py took 0.068 seconds
[2024-11-26T19:54:24.049+0000] {processor.py:157} INFO - Started process (PID=367) to work on /opt/airflow/dags/dbt_workflow.py
[2024-11-26T19:54:24.049+0000] {processor.py:829} INFO - Processing file /opt/airflow/dags/dbt_workflow.py for tasks to queue
[2024-11-26T19:54:24.050+0000] {logging_mixin.py:151} INFO - [2024-11-26T19:54:24.050+0000] {dagbag.py:539} INFO - Filling up the DagBag from /opt/airflow/dags/dbt_workflow.py
[2024-11-26T19:54:24.062+0000] {processor.py:839} INFO - DAG(s) dict_keys(['dbt_workflow']) retrieved from /opt/airflow/dags/dbt_workflow.py
[2024-11-26T19:54:24.081+0000] {logging_mixin.py:151} INFO - [2024-11-26T19:54:24.081+0000] {dag.py:2915} INFO - Sync 1 DAGs
[2024-11-26T19:54:24.096+0000] {logging_mixin.py:151} INFO - [2024-11-26T19:54:24.095+0000] {dag.py:3696} INFO - Setting next_dagrun for dbt_workflow to 2024-11-25T00:00:00+00:00, run_after=2024-11-26T00:00:00+00:00
[2024-11-26T19:54:24.109+0000] {processor.py:179} INFO - Processing /opt/airflow/dags/dbt_workflow.py took 0.062 seconds
[2024-11-26T19:54:54.180+0000] {processor.py:157} INFO - Started process (PID=372) to work on /opt/airflow/dags/dbt_workflow.py
[2024-11-26T19:54:54.181+0000] {processor.py:829} INFO - Processing file /opt/airflow/dags/dbt_workflow.py for tasks to queue
[2024-11-26T19:54:54.181+0000] {logging_mixin.py:151} INFO - [2024-11-26T19:54:54.181+0000] {dagbag.py:539} INFO - Filling up the DagBag from /opt/airflow/dags/dbt_workflow.py
[2024-11-26T19:54:54.195+0000] {processor.py:839} INFO - DAG(s) dict_keys(['dbt_workflow']) retrieved from /opt/airflow/dags/dbt_workflow.py
[2024-11-26T19:54:54.218+0000] {logging_mixin.py:151} INFO - [2024-11-26T19:54:54.218+0000] {dag.py:2915} INFO - Sync 1 DAGs
[2024-11-26T19:54:54.238+0000] {logging_mixin.py:151} INFO - [2024-11-26T19:54:54.238+0000] {dag.py:3696} INFO - Setting next_dagrun for dbt_workflow to 2024-11-25T00:00:00+00:00, run_after=2024-11-26T00:00:00+00:00
[2024-11-26T19:54:54.258+0000] {processor.py:179} INFO - Processing /opt/airflow/dags/dbt_workflow.py took 0.081 seconds
[2024-11-26T19:55:24.299+0000] {processor.py:157} INFO - Started process (PID=377) to work on /opt/airflow/dags/dbt_workflow.py
[2024-11-26T19:55:24.300+0000] {processor.py:829} INFO - Processing file /opt/airflow/dags/dbt_workflow.py for tasks to queue
[2024-11-26T19:55:24.300+0000] {logging_mixin.py:151} INFO - [2024-11-26T19:55:24.300+0000] {dagbag.py:539} INFO - Filling up the DagBag from /opt/airflow/dags/dbt_workflow.py
[2024-11-26T19:55:24.315+0000] {processor.py:839} INFO - DAG(s) dict_keys(['dbt_workflow']) retrieved from /opt/airflow/dags/dbt_workflow.py
[2024-11-26T19:55:24.338+0000] {logging_mixin.py:151} INFO - [2024-11-26T19:55:24.338+0000] {dag.py:2915} INFO - Sync 1 DAGs
[2024-11-26T19:55:24.355+0000] {logging_mixin.py:151} INFO - [2024-11-26T19:55:24.355+0000] {dag.py:3696} INFO - Setting next_dagrun for dbt_workflow to 2024-11-25T00:00:00+00:00, run_after=2024-11-26T00:00:00+00:00
[2024-11-26T19:55:24.370+0000] {processor.py:179} INFO - Processing /opt/airflow/dags/dbt_workflow.py took 0.072 seconds
[2024-11-26T19:55:54.428+0000] {processor.py:157} INFO - Started process (PID=382) to work on /opt/airflow/dags/dbt_workflow.py
[2024-11-26T19:55:54.429+0000] {processor.py:829} INFO - Processing file /opt/airflow/dags/dbt_workflow.py for tasks to queue
[2024-11-26T19:55:54.430+0000] {logging_mixin.py:151} INFO - [2024-11-26T19:55:54.429+0000] {dagbag.py:539} INFO - Filling up the DagBag from /opt/airflow/dags/dbt_workflow.py
[2024-11-26T19:55:54.446+0000] {processor.py:839} INFO - DAG(s) dict_keys(['dbt_workflow']) retrieved from /opt/airflow/dags/dbt_workflow.py
[2024-11-26T19:55:54.469+0000] {logging_mixin.py:151} INFO - [2024-11-26T19:55:54.469+0000] {dag.py:2915} INFO - Sync 1 DAGs
[2024-11-26T19:55:54.488+0000] {logging_mixin.py:151} INFO - [2024-11-26T19:55:54.488+0000] {dag.py:3696} INFO - Setting next_dagrun for dbt_workflow to 2024-11-25T00:00:00+00:00, run_after=2024-11-26T00:00:00+00:00
[2024-11-26T19:55:54.503+0000] {processor.py:179} INFO - Processing /opt/airflow/dags/dbt_workflow.py took 0.078 seconds
[2024-11-26T19:56:24.548+0000] {processor.py:157} INFO - Started process (PID=387) to work on /opt/airflow/dags/dbt_workflow.py
[2024-11-26T19:56:24.549+0000] {processor.py:829} INFO - Processing file /opt/airflow/dags/dbt_workflow.py for tasks to queue
[2024-11-26T19:56:24.550+0000] {logging_mixin.py:151} INFO - [2024-11-26T19:56:24.550+0000] {dagbag.py:539} INFO - Filling up the DagBag from /opt/airflow/dags/dbt_workflow.py
[2024-11-26T19:56:24.565+0000] {processor.py:839} INFO - DAG(s) dict_keys(['dbt_workflow']) retrieved from /opt/airflow/dags/dbt_workflow.py
[2024-11-26T19:56:24.593+0000] {logging_mixin.py:151} INFO - [2024-11-26T19:56:24.593+0000] {dag.py:2915} INFO - Sync 1 DAGs
[2024-11-26T19:56:24.611+0000] {logging_mixin.py:151} INFO - [2024-11-26T19:56:24.611+0000] {dag.py:3696} INFO - Setting next_dagrun for dbt_workflow to 2024-11-25T00:00:00+00:00, run_after=2024-11-26T00:00:00+00:00
[2024-11-26T19:56:24.624+0000] {processor.py:179} INFO - Processing /opt/airflow/dags/dbt_workflow.py took 0.079 seconds
[2024-11-26T19:56:54.746+0000] {processor.py:157} INFO - Started process (PID=392) to work on /opt/airflow/dags/dbt_workflow.py
[2024-11-26T19:56:54.747+0000] {processor.py:829} INFO - Processing file /opt/airflow/dags/dbt_workflow.py for tasks to queue
[2024-11-26T19:56:54.747+0000] {logging_mixin.py:151} INFO - [2024-11-26T19:56:54.747+0000] {dagbag.py:539} INFO - Filling up the DagBag from /opt/airflow/dags/dbt_workflow.py
[2024-11-26T19:56:54.765+0000] {processor.py:839} INFO - DAG(s) dict_keys(['dbt_workflow']) retrieved from /opt/airflow/dags/dbt_workflow.py
[2024-11-26T19:56:54.785+0000] {logging_mixin.py:151} INFO - [2024-11-26T19:56:54.785+0000] {dag.py:2915} INFO - Sync 1 DAGs
[2024-11-26T19:56:54.800+0000] {logging_mixin.py:151} INFO - [2024-11-26T19:56:54.800+0000] {dag.py:3696} INFO - Setting next_dagrun for dbt_workflow to 2024-11-25T00:00:00+00:00, run_after=2024-11-26T00:00:00+00:00
[2024-11-26T19:56:54.811+0000] {processor.py:179} INFO - Processing /opt/airflow/dags/dbt_workflow.py took 0.066 seconds
[2024-11-26T19:57:25.624+0000] {processor.py:157} INFO - Started process (PID=397) to work on /opt/airflow/dags/dbt_workflow.py
[2024-11-26T19:57:25.625+0000] {processor.py:829} INFO - Processing file /opt/airflow/dags/dbt_workflow.py for tasks to queue
[2024-11-26T19:57:25.626+0000] {logging_mixin.py:151} INFO - [2024-11-26T19:57:25.626+0000] {dagbag.py:539} INFO - Filling up the DagBag from /opt/airflow/dags/dbt_workflow.py
[2024-11-26T19:57:25.640+0000] {processor.py:839} INFO - DAG(s) dict_keys(['dbt_workflow']) retrieved from /opt/airflow/dags/dbt_workflow.py
[2024-11-26T19:57:25.666+0000] {logging_mixin.py:151} INFO - [2024-11-26T19:57:25.665+0000] {dag.py:2915} INFO - Sync 1 DAGs
[2024-11-26T19:57:25.687+0000] {logging_mixin.py:151} INFO - [2024-11-26T19:57:25.687+0000] {dag.py:3696} INFO - Setting next_dagrun for dbt_workflow to 2024-11-25T00:00:00+00:00, run_after=2024-11-26T00:00:00+00:00
[2024-11-26T19:57:25.702+0000] {processor.py:179} INFO - Processing /opt/airflow/dags/dbt_workflow.py took 0.080 seconds
[2024-11-26T19:57:55.754+0000] {processor.py:157} INFO - Started process (PID=402) to work on /opt/airflow/dags/dbt_workflow.py
[2024-11-26T19:57:55.755+0000] {processor.py:829} INFO - Processing file /opt/airflow/dags/dbt_workflow.py for tasks to queue
[2024-11-26T19:57:55.756+0000] {logging_mixin.py:151} INFO - [2024-11-26T19:57:55.756+0000] {dagbag.py:539} INFO - Filling up the DagBag from /opt/airflow/dags/dbt_workflow.py
[2024-11-26T19:57:55.770+0000] {processor.py:839} INFO - DAG(s) dict_keys(['dbt_workflow']) retrieved from /opt/airflow/dags/dbt_workflow.py
[2024-11-26T19:57:55.790+0000] {logging_mixin.py:151} INFO - [2024-11-26T19:57:55.790+0000] {dag.py:2915} INFO - Sync 1 DAGs
[2024-11-26T19:57:55.808+0000] {logging_mixin.py:151} INFO - [2024-11-26T19:57:55.807+0000] {dag.py:3696} INFO - Setting next_dagrun for dbt_workflow to 2024-11-25T00:00:00+00:00, run_after=2024-11-26T00:00:00+00:00
[2024-11-26T19:57:55.827+0000] {processor.py:179} INFO - Processing /opt/airflow/dags/dbt_workflow.py took 0.076 seconds
[2024-11-26T19:58:25.908+0000] {processor.py:157} INFO - Started process (PID=407) to work on /opt/airflow/dags/dbt_workflow.py
[2024-11-26T19:58:25.909+0000] {processor.py:829} INFO - Processing file /opt/airflow/dags/dbt_workflow.py for tasks to queue
[2024-11-26T19:58:25.910+0000] {logging_mixin.py:151} INFO - [2024-11-26T19:58:25.910+0000] {dagbag.py:539} INFO - Filling up the DagBag from /opt/airflow/dags/dbt_workflow.py
[2024-11-26T19:58:25.926+0000] {processor.py:839} INFO - DAG(s) dict_keys(['dbt_workflow']) retrieved from /opt/airflow/dags/dbt_workflow.py
[2024-11-26T19:58:25.946+0000] {logging_mixin.py:151} INFO - [2024-11-26T19:58:25.945+0000] {dag.py:2915} INFO - Sync 1 DAGs
[2024-11-26T19:58:25.960+0000] {logging_mixin.py:151} INFO - [2024-11-26T19:58:25.960+0000] {dag.py:3696} INFO - Setting next_dagrun for dbt_workflow to 2024-11-25T00:00:00+00:00, run_after=2024-11-26T00:00:00+00:00
[2024-11-26T19:58:25.971+0000] {processor.py:179} INFO - Processing /opt/airflow/dags/dbt_workflow.py took 0.065 seconds
[2024-11-26T19:58:56.028+0000] {processor.py:157} INFO - Started process (PID=412) to work on /opt/airflow/dags/dbt_workflow.py
[2024-11-26T19:58:56.029+0000] {processor.py:829} INFO - Processing file /opt/airflow/dags/dbt_workflow.py for tasks to queue
[2024-11-26T19:58:56.030+0000] {logging_mixin.py:151} INFO - [2024-11-26T19:58:56.029+0000] {dagbag.py:539} INFO - Filling up the DagBag from /opt/airflow/dags/dbt_workflow.py
[2024-11-26T19:58:56.048+0000] {processor.py:839} INFO - DAG(s) dict_keys(['dbt_workflow']) retrieved from /opt/airflow/dags/dbt_workflow.py
[2024-11-26T19:58:56.073+0000] {logging_mixin.py:151} INFO - [2024-11-26T19:58:56.073+0000] {dag.py:2915} INFO - Sync 1 DAGs
[2024-11-26T19:58:56.100+0000] {logging_mixin.py:151} INFO - [2024-11-26T19:58:56.099+0000] {dag.py:3696} INFO - Setting next_dagrun for dbt_workflow to 2024-11-25T00:00:00+00:00, run_after=2024-11-26T00:00:00+00:00
[2024-11-26T19:58:56.123+0000] {processor.py:179} INFO - Processing /opt/airflow/dags/dbt_workflow.py took 0.098 seconds
[2024-11-26T19:59:26.167+0000] {processor.py:157} INFO - Started process (PID=417) to work on /opt/airflow/dags/dbt_workflow.py
[2024-11-26T19:59:26.168+0000] {processor.py:829} INFO - Processing file /opt/airflow/dags/dbt_workflow.py for tasks to queue
[2024-11-26T19:59:26.169+0000] {logging_mixin.py:151} INFO - [2024-11-26T19:59:26.169+0000] {dagbag.py:539} INFO - Filling up the DagBag from /opt/airflow/dags/dbt_workflow.py
[2024-11-26T19:59:26.185+0000] {processor.py:839} INFO - DAG(s) dict_keys(['dbt_workflow']) retrieved from /opt/airflow/dags/dbt_workflow.py
[2024-11-26T19:59:26.205+0000] {logging_mixin.py:151} INFO - [2024-11-26T19:59:26.204+0000] {dag.py:2915} INFO - Sync 1 DAGs
[2024-11-26T19:59:26.223+0000] {logging_mixin.py:151} INFO - [2024-11-26T19:59:26.223+0000] {dag.py:3696} INFO - Setting next_dagrun for dbt_workflow to 2024-11-25T00:00:00+00:00, run_after=2024-11-26T00:00:00+00:00
[2024-11-26T19:59:26.236+0000] {processor.py:179} INFO - Processing /opt/airflow/dags/dbt_workflow.py took 0.073 seconds
[2024-11-26T19:59:56.275+0000] {processor.py:157} INFO - Started process (PID=422) to work on /opt/airflow/dags/dbt_workflow.py
[2024-11-26T19:59:56.276+0000] {processor.py:829} INFO - Processing file /opt/airflow/dags/dbt_workflow.py for tasks to queue
[2024-11-26T19:59:56.277+0000] {logging_mixin.py:151} INFO - [2024-11-26T19:59:56.276+0000] {dagbag.py:539} INFO - Filling up the DagBag from /opt/airflow/dags/dbt_workflow.py
[2024-11-26T19:59:56.292+0000] {processor.py:839} INFO - DAG(s) dict_keys(['dbt_workflow']) retrieved from /opt/airflow/dags/dbt_workflow.py
[2024-11-26T19:59:56.318+0000] {logging_mixin.py:151} INFO - [2024-11-26T19:59:56.318+0000] {dag.py:2915} INFO - Sync 1 DAGs
[2024-11-26T19:59:56.333+0000] {logging_mixin.py:151} INFO - [2024-11-26T19:59:56.333+0000] {dag.py:3696} INFO - Setting next_dagrun for dbt_workflow to 2024-11-25T00:00:00+00:00, run_after=2024-11-26T00:00:00+00:00
[2024-11-26T19:59:56.344+0000] {processor.py:179} INFO - Processing /opt/airflow/dags/dbt_workflow.py took 0.072 seconds
[2024-11-26T20:00:26.398+0000] {processor.py:157} INFO - Started process (PID=427) to work on /opt/airflow/dags/dbt_workflow.py
[2024-11-26T20:00:26.399+0000] {processor.py:829} INFO - Processing file /opt/airflow/dags/dbt_workflow.py for tasks to queue
[2024-11-26T20:00:26.400+0000] {logging_mixin.py:151} INFO - [2024-11-26T20:00:26.400+0000] {dagbag.py:539} INFO - Filling up the DagBag from /opt/airflow/dags/dbt_workflow.py
[2024-11-26T20:00:26.416+0000] {processor.py:839} INFO - DAG(s) dict_keys(['dbt_workflow']) retrieved from /opt/airflow/dags/dbt_workflow.py
[2024-11-26T20:00:26.441+0000] {logging_mixin.py:151} INFO - [2024-11-26T20:00:26.440+0000] {dag.py:2915} INFO - Sync 1 DAGs
[2024-11-26T20:00:26.455+0000] {logging_mixin.py:151} INFO - [2024-11-26T20:00:26.455+0000] {dag.py:3696} INFO - Setting next_dagrun for dbt_workflow to 2024-11-25T00:00:00+00:00, run_after=2024-11-26T00:00:00+00:00
[2024-11-26T20:00:26.466+0000] {processor.py:179} INFO - Processing /opt/airflow/dags/dbt_workflow.py took 0.072 seconds
[2024-11-26T20:00:56.529+0000] {processor.py:157} INFO - Started process (PID=432) to work on /opt/airflow/dags/dbt_workflow.py
[2024-11-26T20:00:56.530+0000] {processor.py:829} INFO - Processing file /opt/airflow/dags/dbt_workflow.py for tasks to queue
[2024-11-26T20:00:56.531+0000] {logging_mixin.py:151} INFO - [2024-11-26T20:00:56.530+0000] {dagbag.py:539} INFO - Filling up the DagBag from /opt/airflow/dags/dbt_workflow.py
[2024-11-26T20:00:56.543+0000] {processor.py:839} INFO - DAG(s) dict_keys(['dbt_workflow']) retrieved from /opt/airflow/dags/dbt_workflow.py
[2024-11-26T20:00:56.567+0000] {logging_mixin.py:151} INFO - [2024-11-26T20:00:56.567+0000] {dag.py:2915} INFO - Sync 1 DAGs
[2024-11-26T20:00:56.584+0000] {logging_mixin.py:151} INFO - [2024-11-26T20:00:56.584+0000] {dag.py:3696} INFO - Setting next_dagrun for dbt_workflow to 2024-11-25T00:00:00+00:00, run_after=2024-11-26T00:00:00+00:00
[2024-11-26T20:00:56.599+0000] {processor.py:179} INFO - Processing /opt/airflow/dags/dbt_workflow.py took 0.073 seconds
[2024-11-26T20:01:26.677+0000] {processor.py:157} INFO - Started process (PID=437) to work on /opt/airflow/dags/dbt_workflow.py
[2024-11-26T20:01:26.678+0000] {processor.py:829} INFO - Processing file /opt/airflow/dags/dbt_workflow.py for tasks to queue
[2024-11-26T20:01:26.679+0000] {logging_mixin.py:151} INFO - [2024-11-26T20:01:26.678+0000] {dagbag.py:539} INFO - Filling up the DagBag from /opt/airflow/dags/dbt_workflow.py
[2024-11-26T20:01:26.694+0000] {processor.py:839} INFO - DAG(s) dict_keys(['dbt_workflow']) retrieved from /opt/airflow/dags/dbt_workflow.py
[2024-11-26T20:01:26.720+0000] {logging_mixin.py:151} INFO - [2024-11-26T20:01:26.720+0000] {dag.py:2915} INFO - Sync 1 DAGs
[2024-11-26T20:01:26.741+0000] {logging_mixin.py:151} INFO - [2024-11-26T20:01:26.740+0000] {dag.py:3696} INFO - Setting next_dagrun for dbt_workflow to 2024-11-25T00:00:00+00:00, run_after=2024-11-26T00:00:00+00:00
[2024-11-26T20:01:26.758+0000] {processor.py:179} INFO - Processing /opt/airflow/dags/dbt_workflow.py took 0.083 seconds
[2024-11-26T20:01:56.817+0000] {processor.py:157} INFO - Started process (PID=442) to work on /opt/airflow/dags/dbt_workflow.py
[2024-11-26T20:01:56.818+0000] {processor.py:829} INFO - Processing file /opt/airflow/dags/dbt_workflow.py for tasks to queue
[2024-11-26T20:01:56.818+0000] {logging_mixin.py:151} INFO - [2024-11-26T20:01:56.818+0000] {dagbag.py:539} INFO - Filling up the DagBag from /opt/airflow/dags/dbt_workflow.py
[2024-11-26T20:01:56.830+0000] {processor.py:839} INFO - DAG(s) dict_keys(['dbt_workflow']) retrieved from /opt/airflow/dags/dbt_workflow.py
[2024-11-26T20:01:56.855+0000] {logging_mixin.py:151} INFO - [2024-11-26T20:01:56.854+0000] {dag.py:2915} INFO - Sync 1 DAGs
[2024-11-26T20:01:56.872+0000] {logging_mixin.py:151} INFO - [2024-11-26T20:01:56.872+0000] {dag.py:3696} INFO - Setting next_dagrun for dbt_workflow to 2024-11-25T00:00:00+00:00, run_after=2024-11-26T00:00:00+00:00
[2024-11-26T20:01:56.886+0000] {processor.py:179} INFO - Processing /opt/airflow/dags/dbt_workflow.py took 0.071 seconds
[2024-11-26T20:02:26.971+0000] {processor.py:157} INFO - Started process (PID=447) to work on /opt/airflow/dags/dbt_workflow.py
[2024-11-26T20:02:26.972+0000] {processor.py:829} INFO - Processing file /opt/airflow/dags/dbt_workflow.py for tasks to queue
[2024-11-26T20:02:26.972+0000] {logging_mixin.py:151} INFO - [2024-11-26T20:02:26.972+0000] {dagbag.py:539} INFO - Filling up the DagBag from /opt/airflow/dags/dbt_workflow.py
[2024-11-26T20:02:26.987+0000] {processor.py:839} INFO - DAG(s) dict_keys(['dbt_workflow']) retrieved from /opt/airflow/dags/dbt_workflow.py
[2024-11-26T20:02:27.010+0000] {logging_mixin.py:151} INFO - [2024-11-26T20:02:27.009+0000] {dag.py:2915} INFO - Sync 1 DAGs
[2024-11-26T20:02:27.024+0000] {logging_mixin.py:151} INFO - [2024-11-26T20:02:27.023+0000] {dag.py:3696} INFO - Setting next_dagrun for dbt_workflow to 2024-11-25T00:00:00+00:00, run_after=2024-11-26T00:00:00+00:00
[2024-11-26T20:02:27.035+0000] {processor.py:179} INFO - Processing /opt/airflow/dags/dbt_workflow.py took 0.066 seconds
[2024-11-26T20:02:57.177+0000] {processor.py:157} INFO - Started process (PID=452) to work on /opt/airflow/dags/dbt_workflow.py
[2024-11-26T20:02:57.178+0000] {processor.py:829} INFO - Processing file /opt/airflow/dags/dbt_workflow.py for tasks to queue
[2024-11-26T20:02:57.179+0000] {logging_mixin.py:151} INFO - [2024-11-26T20:02:57.178+0000] {dagbag.py:539} INFO - Filling up the DagBag from /opt/airflow/dags/dbt_workflow.py
[2024-11-26T20:02:57.193+0000] {processor.py:839} INFO - DAG(s) dict_keys(['dbt_workflow']) retrieved from /opt/airflow/dags/dbt_workflow.py
[2024-11-26T20:02:57.217+0000] {logging_mixin.py:151} INFO - [2024-11-26T20:02:57.217+0000] {dag.py:2915} INFO - Sync 1 DAGs
[2024-11-26T20:02:57.236+0000] {logging_mixin.py:151} INFO - [2024-11-26T20:02:57.236+0000] {dag.py:3696} INFO - Setting next_dagrun for dbt_workflow to 2024-11-25T00:00:00+00:00, run_after=2024-11-26T00:00:00+00:00
[2024-11-26T20:02:57.250+0000] {processor.py:179} INFO - Processing /opt/airflow/dags/dbt_workflow.py took 0.076 seconds
[2024-11-26T20:03:27.327+0000] {processor.py:157} INFO - Started process (PID=457) to work on /opt/airflow/dags/dbt_workflow.py
[2024-11-26T20:03:27.327+0000] {processor.py:829} INFO - Processing file /opt/airflow/dags/dbt_workflow.py for tasks to queue
[2024-11-26T20:03:27.328+0000] {logging_mixin.py:151} INFO - [2024-11-26T20:03:27.328+0000] {dagbag.py:539} INFO - Filling up the DagBag from /opt/airflow/dags/dbt_workflow.py
[2024-11-26T20:03:27.341+0000] {processor.py:839} INFO - DAG(s) dict_keys(['dbt_workflow']) retrieved from /opt/airflow/dags/dbt_workflow.py
[2024-11-26T20:03:27.364+0000] {logging_mixin.py:151} INFO - [2024-11-26T20:03:27.363+0000] {dag.py:2915} INFO - Sync 1 DAGs
[2024-11-26T20:03:27.382+0000] {logging_mixin.py:151} INFO - [2024-11-26T20:03:27.382+0000] {dag.py:3696} INFO - Setting next_dagrun for dbt_workflow to 2024-11-25T00:00:00+00:00, run_after=2024-11-26T00:00:00+00:00
[2024-11-26T20:03:27.399+0000] {processor.py:179} INFO - Processing /opt/airflow/dags/dbt_workflow.py took 0.074 seconds
[2024-11-26T20:03:57.479+0000] {processor.py:157} INFO - Started process (PID=462) to work on /opt/airflow/dags/dbt_workflow.py
[2024-11-26T20:03:57.480+0000] {processor.py:829} INFO - Processing file /opt/airflow/dags/dbt_workflow.py for tasks to queue
[2024-11-26T20:03:57.480+0000] {logging_mixin.py:151} INFO - [2024-11-26T20:03:57.480+0000] {dagbag.py:539} INFO - Filling up the DagBag from /opt/airflow/dags/dbt_workflow.py
[2024-11-26T20:03:57.492+0000] {processor.py:839} INFO - DAG(s) dict_keys(['dbt_workflow']) retrieved from /opt/airflow/dags/dbt_workflow.py
[2024-11-26T20:03:57.511+0000] {logging_mixin.py:151} INFO - [2024-11-26T20:03:57.511+0000] {dag.py:2915} INFO - Sync 1 DAGs
[2024-11-26T20:03:57.526+0000] {logging_mixin.py:151} INFO - [2024-11-26T20:03:57.526+0000] {dag.py:3696} INFO - Setting next_dagrun for dbt_workflow to 2024-11-25T00:00:00+00:00, run_after=2024-11-26T00:00:00+00:00
[2024-11-26T20:03:57.537+0000] {processor.py:179} INFO - Processing /opt/airflow/dags/dbt_workflow.py took 0.060 seconds
[2024-11-26T20:04:27.658+0000] {processor.py:157} INFO - Started process (PID=467) to work on /opt/airflow/dags/dbt_workflow.py
[2024-11-26T20:04:27.658+0000] {processor.py:829} INFO - Processing file /opt/airflow/dags/dbt_workflow.py for tasks to queue
[2024-11-26T20:04:27.659+0000] {logging_mixin.py:151} INFO - [2024-11-26T20:04:27.659+0000] {dagbag.py:539} INFO - Filling up the DagBag from /opt/airflow/dags/dbt_workflow.py
[2024-11-26T20:04:27.672+0000] {processor.py:839} INFO - DAG(s) dict_keys(['dbt_workflow']) retrieved from /opt/airflow/dags/dbt_workflow.py
[2024-11-26T20:04:27.692+0000] {logging_mixin.py:151} INFO - [2024-11-26T20:04:27.692+0000] {dag.py:2915} INFO - Sync 1 DAGs
[2024-11-26T20:04:27.707+0000] {logging_mixin.py:151} INFO - [2024-11-26T20:04:27.707+0000] {dag.py:3696} INFO - Setting next_dagrun for dbt_workflow to 2024-11-25T00:00:00+00:00, run_after=2024-11-26T00:00:00+00:00
[2024-11-26T20:04:27.719+0000] {processor.py:179} INFO - Processing /opt/airflow/dags/dbt_workflow.py took 0.063 seconds
[2024-11-26T20:04:57.781+0000] {processor.py:157} INFO - Started process (PID=472) to work on /opt/airflow/dags/dbt_workflow.py
[2024-11-26T20:04:57.782+0000] {processor.py:829} INFO - Processing file /opt/airflow/dags/dbt_workflow.py for tasks to queue
[2024-11-26T20:04:57.782+0000] {logging_mixin.py:151} INFO - [2024-11-26T20:04:57.782+0000] {dagbag.py:539} INFO - Filling up the DagBag from /opt/airflow/dags/dbt_workflow.py
[2024-11-26T20:04:57.796+0000] {processor.py:839} INFO - DAG(s) dict_keys(['dbt_workflow']) retrieved from /opt/airflow/dags/dbt_workflow.py
[2024-11-26T20:04:57.819+0000] {logging_mixin.py:151} INFO - [2024-11-26T20:04:57.818+0000] {dag.py:2915} INFO - Sync 1 DAGs
[2024-11-26T20:04:57.835+0000] {logging_mixin.py:151} INFO - [2024-11-26T20:04:57.835+0000] {dag.py:3696} INFO - Setting next_dagrun for dbt_workflow to 2024-11-25T00:00:00+00:00, run_after=2024-11-26T00:00:00+00:00
[2024-11-26T20:04:57.849+0000] {processor.py:179} INFO - Processing /opt/airflow/dags/dbt_workflow.py took 0.072 seconds
